2025-07-15 14:53:23,512 INFO:Logger initialized and writing to video_pose_inference.log
2025-07-15 14:53:51,206 INFO:Logger initialized and writing to video_pose_inference.log
2025-07-15 15:08:48,820 INFO:Logger initialized and writing to video_pose_inference.log
2025-07-15 15:10:07,846 INFO:File saved to: /tmp/3605221b4ee34803970a69ec36b09d4b_Djokovic_forehand_slow_motion.mp4 (37.49 MB)
2025-07-15 15:10:07,847 INFO:Dispatching video for inference: /tmp/3605221b4ee34803970a69ec36b09d4b_Djokovic_forehand_slow_motion.mp4
2025-07-15 15:10:07,901 INFO:Start Processing video '/tmp/3605221b4ee34803970a69ec36b09d4b_Djokovic_forehand_slow_motion.mp4' with settings: USE_BATCH_INFER = True |  TRITON_URL: http://localhost:8000
2025-07-15 15:11:06,414 INFO:Processed video '/tmp/3605221b4ee34803970a69ec36b09d4b_Djokovic_forehand_slow_motion.mp4' in 58.46 seconds
2025-07-15 15:11:06,415 INFO:Sample keypoints (first 3):
[[(444, 135),
  (444, 127),
  (444, 127),
  (444, 135),
  (409, 135),
  (409, 172),
  (391, 172),
  (409, 225),
  (355, 225),
  (409, 262),
  (355, 262),
  (391, 262),
  (373, 262),
  (409, 337),
  (409, 345),
  (409, 412),
  (320, 412)],
 [(444, 142),
  (444, 127),
  (444, 135),
  (409, 142),
  (409, 142),
  (409, 172),
  (391, 180),
  (409, 225),
  (355, 225),
  (409, 255),
  (373, 262),
  (373, 262),
  (373, 262),
  (338, 337),
  (409, 345),
  (409, 412),
  (320, 412)],
 [(444, 142),
  (444, 127),
  (444, 135),
  (409, 142),
  (409, 142),
  (409, 172),
  (391, 180),
  (409, 225),
  (355, 225),
  (409, 255),
  (373, 262),
  (373, 262),
  (373, 262),
  (338, 337),
  (409, 345),
  (409, 412),
  (320, 412)]]
2025-07-15 15:11:06,417 INFO:Total frames processed: 9105
2025-07-15 15:11:06,417 INFO:Total keypoints detected: 154785
2025-07-15 15:11:06,418 INFO:2025-07-15T15:11:06.418023 | Time: 58.46 seconds | USE_BATCH_INFER = True | BATCH_SIZE = 16 | ENV: local | Video: /tmp/3605221b4ee34803970a69ec36b09d4b_Djokovic_forehand_slow_motion.mp4
2025-07-15 16:29:55,066 INFO:Logger initialized and writing to video_pose_inference.log
2025-07-15 16:30:12,510 INFO:File saved to: /tmp/b7d94e00e2204d1f91e8dd738a4611c6_Djokovic_forehand_slow_motion.mp4 (37.49 MB)
2025-07-15 16:30:12,511 INFO:Dispatching video for inference: /tmp/b7d94e00e2204d1f91e8dd738a4611c6_Djokovic_forehand_slow_motion.mp4
2025-07-15 16:31:56,179 INFO:Logger initialized and writing to video_pose_inference.log
2025-07-15 16:32:02,137 INFO:Logger initialized and writing to video_pose_inference.log
2025-07-15 16:32:12,098 INFO:File saved to: /tmp/17caf9c583b64cd0b0e43ebf9361c656_Djokovic_forehand_slow_motion.mp4 (37.49 MB)
2025-07-15 16:32:12,098 INFO:Dispatching video for inference: /tmp/17caf9c583b64cd0b0e43ebf9361c656_Djokovic_forehand_slow_motion.mp4
2025-07-15 16:32:12,169 INFO:Start Processing video '/tmp/17caf9c583b64cd0b0e43ebf9361c656_Djokovic_forehand_slow_motion.mp4' with settings: USE_BATCH_INFER = True |  TRITON_URL: http://localhost:8000
2025-07-15 16:33:16,252 INFO:Processed video '/tmp/17caf9c583b64cd0b0e43ebf9361c656_Djokovic_forehand_slow_motion.mp4' in 64.03 seconds
2025-07-15 16:33:16,252 INFO:Sample keypoints (first 3):
[[(444, 135),
  (444, 127),
  (444, 127),
  (444, 135),
  (409, 135),
  (409, 172),
  (391, 172),
  (409, 225),
  (355, 225),
  (409, 262),
  (355, 262),
  (391, 262),
  (373, 262),
  (409, 337),
  (409, 345),
  (409, 412),
  (320, 412)],
 [(444, 142),
  (444, 127),
  (444, 135),
  (409, 142),
  (409, 142),
  (409, 172),
  (391, 180),
  (409, 225),
  (355, 225),
  (409, 255),
  (373, 262),
  (373, 262),
  (373, 262),
  (338, 337),
  (409, 345),
  (409, 412),
  (320, 412)],
 [(444, 142),
  (444, 127),
  (444, 135),
  (409, 142),
  (409, 142),
  (409, 172),
  (391, 180),
  (409, 225),
  (355, 225),
  (409, 255),
  (373, 262),
  (373, 262),
  (373, 262),
  (338, 337),
  (409, 345),
  (409, 412),
  (320, 412)]]
2025-07-15 16:33:16,254 INFO:Total frames processed: 9105
2025-07-15 16:33:16,254 INFO:Total keypoints detected: 154785
2025-07-15 16:33:16,254 INFO:2025-07-15T16:33:16.254826 | Time: 64.03 seconds | USE_BATCH_INFER = True | BATCH_SIZE = 16 | ENV: local | Video: /tmp/17caf9c583b64cd0b0e43ebf9361c656_Djokovic_forehand_slow_motion.mp4
2025-07-15 16:34:30,055 INFO:File saved to: /tmp/95bcf9b0ceca4c4185a0be4b679223c9_Djokovic_forehand_slow_motion.mp4 (37.49 MB)
2025-07-15 16:34:30,055 INFO:Dispatching video for inference: /tmp/95bcf9b0ceca4c4185a0be4b679223c9_Djokovic_forehand_slow_motion.mp4
2025-07-15 16:34:30,059 INFO:Start Processing video '/tmp/95bcf9b0ceca4c4185a0be4b679223c9_Djokovic_forehand_slow_motion.mp4' with settings: USE_BATCH_INFER = True |  TRITON_URL: http://localhost:8000
2025-07-15 16:35:29,791 INFO:Processed video '/tmp/95bcf9b0ceca4c4185a0be4b679223c9_Djokovic_forehand_slow_motion.mp4' in 59.72 seconds
2025-07-15 16:35:29,792 INFO:Sample keypoints (first 3):
[[(444, 135),
  (444, 127),
  (444, 127),
  (444, 135),
  (409, 135),
  (409, 172),
  (391, 172),
  (409, 225),
  (355, 225),
  (409, 262),
  (355, 262),
  (391, 262),
  (373, 262),
  (409, 337),
  (409, 345),
  (409, 412),
  (320, 412)],
 [(444, 142),
  (444, 127),
  (444, 135),
  (409, 142),
  (409, 142),
  (409, 172),
  (391, 180),
  (409, 225),
  (355, 225),
  (409, 255),
  (373, 262),
  (373, 262),
  (373, 262),
  (338, 337),
  (409, 345),
  (409, 412),
  (320, 412)],
 [(444, 142),
  (444, 127),
  (444, 135),
  (409, 142),
  (409, 142),
  (409, 172),
  (391, 180),
  (409, 225),
  (355, 225),
  (409, 255),
  (373, 262),
  (373, 262),
  (373, 262),
  (338, 337),
  (409, 345),
  (409, 412),
  (320, 412)]]
2025-07-15 16:35:29,794 INFO:Total frames processed: 9105
2025-07-15 16:35:29,794 INFO:Total keypoints detected: 154785
2025-07-15 16:35:29,794 INFO:2025-07-15T16:35:29.794347 | Time: 59.72 seconds | USE_BATCH_INFER = True | BATCH_SIZE = 16 | ENV: local | Video: /tmp/95bcf9b0ceca4c4185a0be4b679223c9_Djokovic_forehand_slow_motion.mp4
2025-07-15 16:42:48,341 INFO:Logger initialized and writing to video_pose_inference.log
2025-07-15 16:43:21,696 INFO:Logger initialized and writing to video_pose_inference.log
2025-07-15 16:43:31,511 INFO:Logger initialized and writing to video_pose_inference.log
2025-07-15 16:50:12,374 INFO:Logger initialized and writing to video_pose_inference.log
2025-07-15 16:50:39,375 INFO:Logger initialized and writing to video_pose_inference.log
2025-07-15 08:36:49,971 INFO:Logger initialized and writing to video_pose_inference.log
2025-07-15 08:36:58,797 INFO:File saved to: /tmp/d631f83c4f264d5588075619810f3ffe_Djokovic_forehand_slow_motion.mp4 (37.49 MB)
2025-07-15 08:36:58,798 INFO:Dispatching video for inference: /tmp/d631f83c4f264d5588075619810f3ffe_Djokovic_forehand_slow_motion.mp4
2025-07-15 08:36:58,893 INFO:Start Processing video '/tmp/d631f83c4f264d5588075619810f3ffe_Djokovic_forehand_slow_motion.mp4' with settings: USE_BATCH_INFER = True |  TRITON_URL: http://triton:8000
2025-07-15 08:37:56,755 INFO:Processed video '/tmp/d631f83c4f264d5588075619810f3ffe_Djokovic_forehand_slow_motion.mp4' in 57.84 seconds
2025-07-15 08:37:56,757 INFO:Sample keypoints (first 3):
[[(444, 135),
  (444, 127),
  (444, 127),
  (444, 135),
  (409, 135),
  (409, 172),
  (391, 172),
  (409, 225),
  (355, 225),
  (409, 262),
  (355, 262),
  (391, 262),
  (373, 262),
  (409, 337),
  (409, 345),
  (409, 412),
  (320, 412)],
 [(444, 142),
  (444, 127),
  (444, 135),
  (409, 142),
  (409, 142),
  (409, 172),
  (391, 180),
  (409, 225),
  (355, 225),
  (409, 255),
  (373, 262),
  (373, 262),
  (373, 262),
  (338, 337),
  (409, 345),
  (409, 412),
  (320, 412)],
 [(444, 142),
  (444, 127),
  (444, 135),
  (409, 142),
  (409, 142),
  (409, 172),
  (391, 180),
  (409, 225),
  (355, 225),
  (409, 255),
  (373, 262),
  (373, 262),
  (373, 262),
  (338, 337),
  (409, 345),
  (409, 412),
  (320, 412)]]
2025-07-15 08:37:56,761 INFO:Total frames processed: 9105
2025-07-15 08:37:56,761 INFO:Total keypoints detected: 154785
2025-07-15 08:37:56,763 INFO:2025-07-15T08:37:56.761771 | Time: 57.84 seconds | USE_BATCH_INFER = True | BATCH_SIZE = 16 | ENV: docker | Video: /tmp/d631f83c4f264d5588075619810f3ffe_Djokovic_forehand_slow_motion.mp4
2025-07-15 08:38:33,476 INFO:File saved to: /tmp/5ea86c9e7acb4d6ca389e170672cbd30_Djokovic_forehand_slow_motion.mp4 (37.49 MB)
2025-07-15 08:38:33,477 INFO:Dispatching video for inference: /tmp/5ea86c9e7acb4d6ca389e170672cbd30_Djokovic_forehand_slow_motion.mp4
2025-07-15 08:38:33,481 INFO:Start Processing video '/tmp/5ea86c9e7acb4d6ca389e170672cbd30_Djokovic_forehand_slow_motion.mp4' with settings: USE_BATCH_INFER = True |  TRITON_URL: http://triton:8000
2025-07-15 08:38:35,405 INFO:File saved to: /tmp/8e212873e7c341f6a7304090d4e5f15f_Djokovic_forehand_slow_motion.mp4 (37.49 MB)
2025-07-15 08:38:35,405 INFO:Dispatching video for inference: /tmp/8e212873e7c341f6a7304090d4e5f15f_Djokovic_forehand_slow_motion.mp4
2025-07-15 08:38:35,417 INFO:Start Processing video '/tmp/8e212873e7c341f6a7304090d4e5f15f_Djokovic_forehand_slow_motion.mp4' with settings: USE_BATCH_INFER = True |  TRITON_URL: http://triton:8000
2025-07-15 08:39:35,659 INFO:Processed video '/tmp/5ea86c9e7acb4d6ca389e170672cbd30_Djokovic_forehand_slow_motion.mp4' in 62.17 seconds
2025-07-15 08:39:35,660 INFO:Sample keypoints (first 3):
[[(444, 135),
  (444, 127),
  (444, 127),
  (444, 135),
  (409, 135),
  (409, 172),
  (391, 172),
  (409, 225),
  (355, 225),
  (409, 262),
  (355, 262),
  (391, 262),
  (373, 262),
  (409, 337),
  (409, 345),
  (409, 412),
  (320, 412)],
 [(444, 142),
  (444, 127),
  (444, 135),
  (409, 142),
  (409, 142),
  (409, 172),
  (391, 180),
  (409, 225),
  (355, 225),
  (409, 255),
  (373, 262),
  (373, 262),
  (373, 262),
  (338, 337),
  (409, 345),
  (409, 412),
  (320, 412)],
 [(444, 142),
  (444, 127),
  (444, 135),
  (409, 142),
  (409, 142),
  (409, 172),
  (391, 180),
  (409, 225),
  (355, 225),
  (409, 255),
  (373, 262),
  (373, 262),
  (373, 262),
  (338, 337),
  (409, 345),
  (409, 412),
  (320, 412)]]
2025-07-15 08:39:35,662 INFO:Total frames processed: 9105
2025-07-15 08:39:35,662 INFO:Total keypoints detected: 154785
2025-07-15 08:39:35,663 INFO:2025-07-15T08:39:35.662957 | Time: 62.17 seconds | USE_BATCH_INFER = True | BATCH_SIZE = 16 | ENV: docker | Video: /tmp/5ea86c9e7acb4d6ca389e170672cbd30_Djokovic_forehand_slow_motion.mp4
2025-07-15 08:39:37,400 INFO:Processed video '/tmp/8e212873e7c341f6a7304090d4e5f15f_Djokovic_forehand_slow_motion.mp4' in 61.96 seconds
2025-07-15 08:39:37,401 INFO:Sample keypoints (first 3):
[[(444, 135),
  (444, 127),
  (444, 127),
  (444, 135),
  (409, 135),
  (409, 172),
  (391, 172),
  (409, 225),
  (355, 225),
  (409, 262),
  (355, 262),
  (391, 262),
  (373, 262),
  (409, 337),
  (409, 345),
  (409, 412),
  (320, 412)],
 [(444, 142),
  (444, 127),
  (444, 135),
  (409, 142),
  (409, 142),
  (409, 172),
  (391, 180),
  (409, 225),
  (355, 225),
  (409, 255),
  (373, 262),
  (373, 262),
  (373, 262),
  (338, 337),
  (409, 345),
  (409, 412),
  (320, 412)],
 [(444, 142),
  (444, 127),
  (444, 135),
  (409, 142),
  (409, 142),
  (409, 172),
  (391, 180),
  (409, 225),
  (355, 225),
  (409, 255),
  (373, 262),
  (373, 262),
  (373, 262),
  (338, 337),
  (409, 345),
  (409, 412),
  (320, 412)]]
2025-07-15 08:39:37,402 INFO:Total frames processed: 9105
2025-07-15 08:39:37,403 INFO:Total keypoints detected: 154785
2025-07-15 08:39:37,403 INFO:2025-07-15T08:39:37.403152 | Time: 61.96 seconds | USE_BATCH_INFER = True | BATCH_SIZE = 16 | ENV: docker | Video: /tmp/8e212873e7c341f6a7304090d4e5f15f_Djokovic_forehand_slow_motion.mp4
2025-07-15 08:45:29,404 INFO:File saved to: /tmp/ffc6f95e352b4e45bbdbed9ace9f89e4_Djokovic_forehand_slow_motion.mp4 (37.49 MB)
2025-07-15 08:45:29,405 INFO:Dispatching video for inference: /tmp/ffc6f95e352b4e45bbdbed9ace9f89e4_Djokovic_forehand_slow_motion.mp4
2025-07-15 08:45:29,425 INFO:Start Processing video '/tmp/ffc6f95e352b4e45bbdbed9ace9f89e4_Djokovic_forehand_slow_motion.mp4' with settings: USE_BATCH_INFER = True |  TRITON_URL: http://triton:8000
2025-07-15 08:45:40,874 INFO:File saved to: /tmp/c55d2086bc2a44548040d53aa6ed26b4_Djokovic_forehand_slow_motion.mp4 (37.49 MB)
2025-07-15 08:45:40,875 INFO:Dispatching video for inference: /tmp/c55d2086bc2a44548040d53aa6ed26b4_Djokovic_forehand_slow_motion.mp4
2025-07-15 08:45:40,882 INFO:Start Processing video '/tmp/c55d2086bc2a44548040d53aa6ed26b4_Djokovic_forehand_slow_motion.mp4' with settings: USE_BATCH_INFER = True |  TRITON_URL: http://triton:8000
2025-07-15 08:46:51,364 INFO:Processed video '/tmp/ffc6f95e352b4e45bbdbed9ace9f89e4_Djokovic_forehand_slow_motion.mp4' in 81.92 seconds
2025-07-15 08:46:51,366 INFO:Sample keypoints (first 3):
[[(444, 135),
  (444, 127),
  (444, 127),
  (444, 135),
  (409, 135),
  (409, 172),
  (391, 172),
  (409, 225),
  (355, 225),
  (409, 262),
  (355, 262),
  (391, 262),
  (373, 262),
  (409, 337),
  (409, 345),
  (409, 412),
  (320, 412)],
 [(444, 142),
  (444, 127),
  (444, 135),
  (409, 142),
  (409, 142),
  (409, 172),
  (391, 180),
  (409, 225),
  (355, 225),
  (409, 255),
  (373, 262),
  (373, 262),
  (373, 262),
  (338, 337),
  (409, 345),
  (409, 412),
  (320, 412)],
 [(444, 142),
  (444, 127),
  (444, 135),
  (409, 142),
  (409, 142),
  (409, 172),
  (391, 180),
  (409, 225),
  (355, 225),
  (409, 255),
  (373, 262),
  (373, 262),
  (373, 262),
  (338, 337),
  (409, 345),
  (409, 412),
  (320, 412)]]
2025-07-15 08:46:51,369 INFO:Total frames processed: 9105
2025-07-15 08:46:51,369 INFO:Total keypoints detected: 154785
2025-07-15 08:46:51,370 INFO:2025-07-15T08:46:51.370135 | Time: 81.92 seconds | USE_BATCH_INFER = True | BATCH_SIZE = 16 | ENV: docker | Video: /tmp/ffc6f95e352b4e45bbdbed9ace9f89e4_Djokovic_forehand_slow_motion.mp4
2025-07-15 08:47:01,045 INFO:Processed video '/tmp/c55d2086bc2a44548040d53aa6ed26b4_Djokovic_forehand_slow_motion.mp4' in 80.14 seconds
2025-07-15 08:47:01,047 INFO:Sample keypoints (first 3):
[[(444, 135),
  (444, 127),
  (444, 127),
  (444, 135),
  (409, 135),
  (409, 172),
  (391, 172),
  (409, 225),
  (355, 225),
  (409, 262),
  (355, 262),
  (391, 262),
  (373, 262),
  (409, 337),
  (409, 345),
  (409, 412),
  (320, 412)],
 [(444, 142),
  (444, 127),
  (444, 135),
  (409, 142),
  (409, 142),
  (409, 172),
  (391, 180),
  (409, 225),
  (355, 225),
  (409, 255),
  (373, 262),
  (373, 262),
  (373, 262),
  (338, 337),
  (409, 345),
  (409, 412),
  (320, 412)],
 [(444, 142),
  (444, 127),
  (444, 135),
  (409, 142),
  (409, 142),
  (409, 172),
  (391, 180),
  (409, 225),
  (355, 225),
  (409, 255),
  (373, 262),
  (373, 262),
  (373, 262),
  (338, 337),
  (409, 345),
  (409, 412),
  (320, 412)]]
2025-07-15 08:47:01,050 INFO:Total frames processed: 9105
2025-07-15 08:47:01,051 INFO:Total keypoints detected: 154785
2025-07-15 08:47:01,051 INFO:2025-07-15T08:47:01.051850 | Time: 80.14 seconds | USE_BATCH_INFER = True | BATCH_SIZE = 16 | ENV: docker | Video: /tmp/c55d2086bc2a44548040d53aa6ed26b4_Djokovic_forehand_slow_motion.mp4
2025-07-15 08:50:04,127 INFO:File saved to: /tmp/d3141961c7a1476982093e552d8c6dbf_Djokovic_forehand_slow_motion.mp4 (37.49 MB)
2025-07-15 08:50:04,128 INFO:Dispatching video for inference: /tmp/d3141961c7a1476982093e552d8c6dbf_Djokovic_forehand_slow_motion.mp4
2025-07-15 08:50:04,133 INFO:Start Processing video '/tmp/d3141961c7a1476982093e552d8c6dbf_Djokovic_forehand_slow_motion.mp4' with settings: USE_BATCH_INFER = True |  TRITON_URL: http://triton:8000
2025-07-15 08:50:52,489 INFO:Processed video '/tmp/d3141961c7a1476982093e552d8c6dbf_Djokovic_forehand_slow_motion.mp4' in 48.33 seconds
2025-07-15 08:50:52,490 INFO:Sample keypoints (first 3):
[[(444, 135),
  (444, 127),
  (444, 127),
  (444, 135),
  (409, 135),
  (409, 172),
  (391, 172),
  (409, 225),
  (355, 225),
  (409, 262),
  (355, 262),
  (391, 262),
  (373, 262),
  (409, 337),
  (409, 345),
  (409, 412),
  (320, 412)],
 [(444, 142),
  (444, 127),
  (444, 135),
  (409, 142),
  (409, 142),
  (409, 172),
  (391, 180),
  (409, 225),
  (355, 225),
  (409, 255),
  (373, 262),
  (373, 262),
  (373, 262),
  (338, 337),
  (409, 345),
  (409, 412),
  (320, 412)],
 [(444, 142),
  (444, 127),
  (444, 135),
  (409, 142),
  (409, 142),
  (409, 172),
  (391, 180),
  (409, 225),
  (355, 225),
  (409, 255),
  (373, 262),
  (373, 262),
  (373, 262),
  (338, 337),
  (409, 345),
  (409, 412),
  (320, 412)]]
2025-07-15 08:50:52,491 INFO:Total frames processed: 9105
2025-07-15 08:50:52,491 INFO:Total keypoints detected: 154785
2025-07-15 08:50:52,492 INFO:2025-07-15T08:50:52.492060 | Time: 48.33 seconds | USE_BATCH_INFER = True | BATCH_SIZE = 16 | ENV: docker | Video: /tmp/d3141961c7a1476982093e552d8c6dbf_Djokovic_forehand_slow_motion.mp4
2025-07-15 20:18:44,685 INFO:Logger initialized and writing to video_pose_inference.log
2025-07-15 20:19:05,323 INFO:File saved to: /tmp/6041ba0e37b34eb885e4a1ae9f244cb5_Djokovic_forehand_slow_motion.mp4 (37.49 MB)
2025-07-15 20:19:05,324 INFO:Dispatching video for inference: /tmp/6041ba0e37b34eb885e4a1ae9f244cb5_Djokovic_forehand_slow_motion.mp4
2025-07-15 20:19:05,379 INFO:Start Processing video '/tmp/6041ba0e37b34eb885e4a1ae9f244cb5_Djokovic_forehand_slow_motion.mp4' with settings: USE_BATCH_INFER = True |  TRITON_URL: http://localhost:8000
2025-07-15 20:19:11,102 INFO:File saved to: /tmp/90616a19c22d48be985417a4928dbd7b_Djokovic_forehand_slow_motion.mp4 (37.49 MB)
2025-07-15 20:19:11,103 INFO:Dispatching video for inference: /tmp/90616a19c22d48be985417a4928dbd7b_Djokovic_forehand_slow_motion.mp4
2025-07-15 20:19:11,107 INFO:Start Processing video '/tmp/90616a19c22d48be985417a4928dbd7b_Djokovic_forehand_slow_motion.mp4' with settings: USE_BATCH_INFER = True |  TRITON_URL: http://localhost:8000
2025-07-15 20:20:10,383 INFO:Processed video '/tmp/6041ba0e37b34eb885e4a1ae9f244cb5_Djokovic_forehand_slow_motion.mp4' in 64.95 seconds
2025-07-15 20:20:10,384 INFO:Sample keypoints (first 3):
[[(444, 135),
  (444, 127),
  (444, 127),
  (444, 135),
  (409, 135),
  (409, 172),
  (391, 172),
  (409, 225),
  (355, 225),
  (409, 262),
  (355, 262),
  (391, 262),
  (373, 262),
  (409, 337),
  (409, 345),
  (409, 412),
  (320, 412)],
 [(444, 142),
  (444, 127),
  (444, 135),
  (409, 142),
  (409, 142),
  (409, 172),
  (391, 180),
  (409, 225),
  (355, 225),
  (409, 255),
  (373, 262),
  (373, 262),
  (373, 262),
  (338, 337),
  (409, 345),
  (409, 412),
  (320, 412)],
 [(444, 142),
  (444, 127),
  (444, 135),
  (409, 142),
  (409, 142),
  (409, 172),
  (391, 180),
  (409, 225),
  (355, 225),
  (409, 255),
  (373, 262),
  (373, 262),
  (373, 262),
  (338, 337),
  (409, 345),
  (409, 412),
  (320, 412)]]
2025-07-15 20:20:10,386 INFO:Total frames processed: 9105
2025-07-15 20:20:10,386 INFO:Total keypoints detected: 154785
2025-07-15 20:20:10,387 INFO:2025-07-15T20:20:10.387039 | Time: 64.95 seconds | USE_BATCH_INFER = True | BATCH_SIZE = 16 | ENV: local | Video: /tmp/6041ba0e37b34eb885e4a1ae9f244cb5_Djokovic_forehand_slow_motion.mp4
2025-07-15 20:20:10,431 INFO:Processed video '/tmp/90616a19c22d48be985417a4928dbd7b_Djokovic_forehand_slow_motion.mp4' in 59.30 seconds
2025-07-15 20:20:10,432 INFO:Sample keypoints (first 3):
[[(444, 135),
  (444, 127),
  (444, 127),
  (444, 135),
  (409, 135),
  (409, 172),
  (391, 172),
  (409, 225),
  (355, 225),
  (409, 262),
  (355, 262),
  (391, 262),
  (373, 262),
  (409, 337),
  (409, 345),
  (409, 412),
  (320, 412)],
 [(444, 142),
  (444, 127),
  (444, 135),
  (409, 142),
  (409, 142),
  (409, 172),
  (391, 180),
  (409, 225),
  (355, 225),
  (409, 255),
  (373, 262),
  (373, 262),
  (373, 262),
  (338, 337),
  (409, 345),
  (409, 412),
  (320, 412)],
 [(444, 142),
  (444, 127),
  (444, 135),
  (409, 142),
  (409, 142),
  (409, 172),
  (391, 180),
  (409, 225),
  (355, 225),
  (409, 255),
  (373, 262),
  (373, 262),
  (373, 262),
  (338, 337),
  (409, 345),
  (409, 412),
  (320, 412)]]
2025-07-15 20:20:10,434 INFO:Total frames processed: 9105
2025-07-15 20:20:10,435 INFO:Total keypoints detected: 154785
2025-07-15 20:20:10,435 INFO:2025-07-15T20:20:10.435453 | Time: 59.30 seconds | USE_BATCH_INFER = True | BATCH_SIZE = 16 | ENV: local | Video: /tmp/90616a19c22d48be985417a4928dbd7b_Djokovic_forehand_slow_motion.mp4
2025-07-15 20:23:13,455 INFO:Logger initialized and writing to video_pose_inference.log
2025-07-15 20:23:23,821 INFO:File saved to: /tmp/1133c548bb6a4d33a2bb656e682002bc_Djokovic_forehand_slow_motion.mp4 (37.49 MB)
2025-07-15 20:23:23,821 INFO:Dispatching video for inference: /tmp/1133c548bb6a4d33a2bb656e682002bc_Djokovic_forehand_slow_motion.mp4
2025-07-15 20:23:23,875 INFO:Start Processing video '/tmp/1133c548bb6a4d33a2bb656e682002bc_Djokovic_forehand_slow_motion.mp4' with settings: USE_BATCH_INFER = True |  TRITON_URL: http://localhost:8000
2025-07-15 20:24:13,832 INFO:Processed video '/tmp/1133c548bb6a4d33a2bb656e682002bc_Djokovic_forehand_slow_motion.mp4' in 49.94 seconds
2025-07-15 20:24:13,833 INFO:Sample keypoints (first 3):
[[(444, 135),
  (444, 127),
  (444, 127),
  (444, 135),
  (409, 135),
  (409, 172),
  (391, 172),
  (409, 225),
  (355, 225),
  (409, 262),
  (355, 262),
  (391, 262),
  (373, 262),
  (409, 337),
  (409, 345),
  (409, 412),
  (320, 412)],
 [(444, 142),
  (444, 127),
  (444, 135),
  (409, 142),
  (409, 142),
  (409, 172),
  (391, 180),
  (409, 225),
  (355, 225),
  (409, 255),
  (373, 262),
  (373, 262),
  (373, 262),
  (338, 337),
  (409, 345),
  (409, 412),
  (320, 412)],
 [(444, 142),
  (444, 127),
  (444, 135),
  (409, 142),
  (409, 142),
  (409, 172),
  (391, 180),
  (409, 225),
  (355, 225),
  (409, 255),
  (373, 262),
  (373, 262),
  (373, 262),
  (338, 337),
  (409, 345),
  (409, 412),
  (320, 412)]]
2025-07-15 20:24:13,834 INFO:Total frames processed: 9105
2025-07-15 20:24:13,834 INFO:Total keypoints detected: 154785
2025-07-15 20:24:13,834 INFO:2025-07-15T20:24:13.834947 | Time: 49.94 seconds | USE_BATCH_INFER = True | BATCH_SIZE = 16 | ENV: local | Video: /tmp/1133c548bb6a4d33a2bb656e682002bc_Djokovic_forehand_slow_motion.mp4
2025-07-15 20:25:00,743 INFO:File saved to: /tmp/1a7ae2c2467349699c4073df13913301_Djokovic_forehand_slow_motion.mp4 (37.49 MB)
2025-07-15 20:25:00,743 INFO:Dispatching video for inference: /tmp/1a7ae2c2467349699c4073df13913301_Djokovic_forehand_slow_motion.mp4
2025-07-15 20:25:00,748 INFO:Start Processing video '/tmp/1a7ae2c2467349699c4073df13913301_Djokovic_forehand_slow_motion.mp4' with settings: USE_BATCH_INFER = True |  TRITON_URL: http://localhost:8000
2025-07-15 20:25:02,177 INFO:File saved to: /tmp/7a8906be529f4999a4806f123fca5dfa_Djokovic_forehand_slow_motion.mp4 (37.49 MB)
2025-07-15 20:25:02,177 INFO:Dispatching video for inference: /tmp/7a8906be529f4999a4806f123fca5dfa_Djokovic_forehand_slow_motion.mp4
2025-07-15 20:25:02,184 INFO:Start Processing video '/tmp/7a8906be529f4999a4806f123fca5dfa_Djokovic_forehand_slow_motion.mp4' with settings: USE_BATCH_INFER = True |  TRITON_URL: http://localhost:8000
2025-07-15 20:25:57,435 INFO:Processed video '/tmp/1a7ae2c2467349699c4073df13913301_Djokovic_forehand_slow_motion.mp4' in 56.67 seconds
2025-07-15 20:25:57,436 INFO:Sample keypoints (first 3):
[[(444, 135),
  (444, 127),
  (444, 127),
  (444, 135),
  (409, 135),
  (409, 172),
  (391, 172),
  (409, 225),
  (355, 225),
  (409, 262),
  (355, 262),
  (391, 262),
  (373, 262),
  (409, 337),
  (409, 345),
  (409, 412),
  (320, 412)],
 [(444, 142),
  (444, 127),
  (444, 135),
  (409, 142),
  (409, 142),
  (409, 172),
  (391, 180),
  (409, 225),
  (355, 225),
  (409, 255),
  (373, 262),
  (373, 262),
  (373, 262),
  (338, 337),
  (409, 345),
  (409, 412),
  (320, 412)],
 [(444, 142),
  (444, 127),
  (444, 135),
  (409, 142),
  (409, 142),
  (409, 172),
  (391, 180),
  (409, 225),
  (355, 225),
  (409, 255),
  (373, 262),
  (373, 262),
  (373, 262),
  (338, 337),
  (409, 345),
  (409, 412),
  (320, 412)]]
2025-07-15 20:25:57,438 INFO:Total frames processed: 9105
2025-07-15 20:25:57,438 INFO:Total keypoints detected: 154785
2025-07-15 20:25:57,438 INFO:2025-07-15T20:25:57.438662 | Time: 56.67 seconds | USE_BATCH_INFER = True | BATCH_SIZE = 16 | ENV: local | Video: /tmp/1a7ae2c2467349699c4073df13913301_Djokovic_forehand_slow_motion.mp4
2025-07-15 20:25:58,673 INFO:Processed video '/tmp/7a8906be529f4999a4806f123fca5dfa_Djokovic_forehand_slow_motion.mp4' in 56.46 seconds
2025-07-15 20:25:58,673 INFO:Sample keypoints (first 3):
[[(444, 135),
  (444, 127),
  (444, 127),
  (444, 135),
  (409, 135),
  (409, 172),
  (391, 172),
  (409, 225),
  (355, 225),
  (409, 262),
  (355, 262),
  (391, 262),
  (373, 262),
  (409, 337),
  (409, 345),
  (409, 412),
  (320, 412)],
 [(444, 142),
  (444, 127),
  (444, 135),
  (409, 142),
  (409, 142),
  (409, 172),
  (391, 180),
  (409, 225),
  (355, 225),
  (409, 255),
  (373, 262),
  (373, 262),
  (373, 262),
  (338, 337),
  (409, 345),
  (409, 412),
  (320, 412)],
 [(444, 142),
  (444, 127),
  (444, 135),
  (409, 142),
  (409, 142),
  (409, 172),
  (391, 180),
  (409, 225),
  (355, 225),
  (409, 255),
  (373, 262),
  (373, 262),
  (373, 262),
  (338, 337),
  (409, 345),
  (409, 412),
  (320, 412)]]
2025-07-15 20:25:58,675 INFO:Total frames processed: 9105
2025-07-15 20:25:58,675 INFO:Total keypoints detected: 154785
2025-07-15 20:25:58,675 INFO:2025-07-15T20:25:58.675565 | Time: 56.46 seconds | USE_BATCH_INFER = True | BATCH_SIZE = 16 | ENV: local | Video: /tmp/7a8906be529f4999a4806f123fca5dfa_Djokovic_forehand_slow_motion.mp4
2025-07-15 11:29:21,869 INFO:Logger initialized and writing to video_pose_inference.log
2025-07-15 11:29:32,498 INFO:File saved to: /tmp/d003a06faae549dabfb72743061bd240_Djokovic_forehand_slow_motion.mp4 (37.49 MB)
2025-07-15 11:29:32,499 INFO:Dispatching video for inference: /tmp/d003a06faae549dabfb72743061bd240_Djokovic_forehand_slow_motion.mp4
2025-07-15 11:29:32,586 INFO:Start Processing video '/tmp/d003a06faae549dabfb72743061bd240_Djokovic_forehand_slow_motion.mp4' with settings: USE_BATCH_INFER = True |  TRITON_URL: http://triton:8000
2025-07-15 11:30:40,927 INFO:Processed video '/tmp/d003a06faae549dabfb72743061bd240_Djokovic_forehand_slow_motion.mp4' in 68.32 seconds
2025-07-15 11:30:40,943 INFO:Sample keypoints (first 3):
[[(444, 135),
  (444, 127),
  (444, 127),
  (444, 135),
  (409, 135),
  (409, 172),
  (391, 172),
  (409, 225),
  (355, 225),
  (409, 262),
  (355, 262),
  (391, 262),
  (373, 262),
  (409, 337),
  (409, 345),
  (409, 412),
  (320, 412)],
 [(444, 142),
  (444, 127),
  (444, 135),
  (409, 142),
  (409, 142),
  (409, 172),
  (391, 180),
  (409, 225),
  (355, 225),
  (409, 255),
  (373, 262),
  (373, 262),
  (373, 262),
  (338, 337),
  (409, 345),
  (409, 412),
  (320, 412)],
 [(444, 142),
  (444, 127),
  (444, 135),
  (409, 142),
  (409, 142),
  (409, 172),
  (391, 180),
  (409, 225),
  (355, 225),
  (409, 255),
  (373, 262),
  (373, 262),
  (373, 262),
  (338, 337),
  (409, 345),
  (409, 412),
  (320, 412)]]
2025-07-15 11:30:40,946 INFO:Total frames processed: 9105
2025-07-15 11:30:40,946 INFO:Total keypoints detected: 154785
2025-07-15 11:30:40,947 INFO:2025-07-15T11:30:40.946753 | Time: 68.32 seconds | USE_BATCH_INFER = True | BATCH_SIZE = 16 | ENV: docker | Video: /tmp/d003a06faae549dabfb72743061bd240_Djokovic_forehand_slow_motion.mp4
2025-07-16 01:03:16,527 INFO:Logger initialized and writing to video_pose_inference.log
2025-07-16 01:05:36,187 INFO:File saved to: /tmp/feecd680edd54464bf024ea2fdc7560a_Djokovic_forehand_slow_motion.mp4 (37.49 MB)
2025-07-16 01:05:36,187 INFO:Dispatching video for inference: /tmp/feecd680edd54464bf024ea2fdc7560a_Djokovic_forehand_slow_motion.mp4
2025-07-16 01:05:36,306 INFO:Start Processing video '/tmp/feecd680edd54464bf024ea2fdc7560a_Djokovic_forehand_slow_motion.mp4' with settings: USE_BATCH_INFER = True |  TRITON_URL: http://triton:8000
2025-07-16 01:06:34,444 INFO:Processed video '/tmp/feecd680edd54464bf024ea2fdc7560a_Djokovic_forehand_slow_motion.mp4' in 58.09 seconds
2025-07-16 01:06:34,445 INFO:Sample keypoints (first 3):
[[(444, 135),
  (444, 127),
  (444, 127),
  (444, 135),
  (409, 135),
  (409, 172),
  (391, 172),
  (409, 225),
  (355, 225),
  (409, 262),
  (355, 262),
  (391, 262),
  (373, 262),
  (409, 337),
  (409, 345),
  (409, 412),
  (320, 412)],
 [(444, 142),
  (444, 127),
  (444, 135),
  (409, 142),
  (409, 142),
  (409, 172),
  (391, 180),
  (409, 225),
  (355, 225),
  (409, 255),
  (373, 262),
  (373, 262),
  (373, 262),
  (338, 337),
  (409, 345),
  (409, 412),
  (320, 412)],
 [(444, 142),
  (444, 127),
  (444, 135),
  (409, 142),
  (409, 142),
  (409, 172),
  (391, 180),
  (409, 225),
  (355, 225),
  (409, 255),
  (373, 262),
  (373, 262),
  (373, 262),
  (338, 337),
  (409, 345),
  (409, 412),
  (320, 412)]]
2025-07-16 01:06:34,448 INFO:Total frames processed: 9105
2025-07-16 01:06:34,448 INFO:Total keypoints detected: 154785
2025-07-16 01:06:34,449 INFO:2025-07-16T01:06:34.449056 | Time: 58.09 seconds | USE_BATCH_INFER = True | BATCH_SIZE = 16 | ENV: docker | Video: /tmp/feecd680edd54464bf024ea2fdc7560a_Djokovic_forehand_slow_motion.mp4
2025-07-16 01:07:50,038 INFO:File saved to: /tmp/381344501de1449b954dc1844dc6f3a9_Djokovic_forehand_slow_motion.mp4 (37.49 MB)
2025-07-16 01:07:50,038 INFO:Dispatching video for inference: /tmp/381344501de1449b954dc1844dc6f3a9_Djokovic_forehand_slow_motion.mp4
2025-07-16 01:07:50,043 INFO:Start Processing video '/tmp/381344501de1449b954dc1844dc6f3a9_Djokovic_forehand_slow_motion.mp4' with settings: USE_BATCH_INFER = True |  TRITON_URL: http://triton:8000
2025-07-16 01:07:53,414 INFO:File saved to: /tmp/a72fb6fdb2ae476fa33ef632f705174e_Djokovic_forehand_slow_motion.mp4 (37.49 MB)
2025-07-16 01:07:53,414 INFO:Dispatching video for inference: /tmp/a72fb6fdb2ae476fa33ef632f705174e_Djokovic_forehand_slow_motion.mp4
2025-07-16 01:07:53,420 INFO:Start Processing video '/tmp/a72fb6fdb2ae476fa33ef632f705174e_Djokovic_forehand_slow_motion.mp4' with settings: USE_BATCH_INFER = True |  TRITON_URL: http://triton:8000
2025-07-16 01:08:45,188 INFO:Processed video '/tmp/381344501de1449b954dc1844dc6f3a9_Djokovic_forehand_slow_motion.mp4' in 55.13 seconds
2025-07-16 01:08:45,189 INFO:Sample keypoints (first 3):
[[(444, 135),
  (444, 127),
  (444, 127),
  (444, 135),
  (409, 135),
  (409, 172),
  (391, 172),
  (409, 225),
  (355, 225),
  (409, 262),
  (355, 262),
  (391, 262),
  (373, 262),
  (409, 337),
  (409, 345),
  (409, 412),
  (320, 412)],
 [(444, 142),
  (444, 127),
  (444, 135),
  (409, 142),
  (409, 142),
  (409, 172),
  (391, 180),
  (409, 225),
  (355, 225),
  (409, 255),
  (373, 262),
  (373, 262),
  (373, 262),
  (338, 337),
  (409, 345),
  (409, 412),
  (320, 412)],
 [(444, 142),
  (444, 127),
  (444, 135),
  (409, 142),
  (409, 142),
  (409, 172),
  (391, 180),
  (409, 225),
  (355, 225),
  (409, 255),
  (373, 262),
  (373, 262),
  (373, 262),
  (338, 337),
  (409, 345),
  (409, 412),
  (320, 412)]]
2025-07-16 01:08:45,191 INFO:Total frames processed: 9105
2025-07-16 01:08:45,191 INFO:Total keypoints detected: 154785
2025-07-16 01:08:45,191 INFO:2025-07-16T01:08:45.191863 | Time: 55.13 seconds | USE_BATCH_INFER = True | BATCH_SIZE = 16 | ENV: docker | Video: /tmp/381344501de1449b954dc1844dc6f3a9_Djokovic_forehand_slow_motion.mp4
2025-07-16 01:08:48,217 INFO:Processed video '/tmp/a72fb6fdb2ae476fa33ef632f705174e_Djokovic_forehand_slow_motion.mp4' in 54.78 seconds
2025-07-16 01:08:48,218 INFO:Sample keypoints (first 3):
[[(444, 135),
  (444, 127),
  (444, 127),
  (444, 135),
  (409, 135),
  (409, 172),
  (391, 172),
  (409, 225),
  (355, 225),
  (409, 262),
  (355, 262),
  (391, 262),
  (373, 262),
  (409, 337),
  (409, 345),
  (409, 412),
  (320, 412)],
 [(444, 142),
  (444, 127),
  (444, 135),
  (409, 142),
  (409, 142),
  (409, 172),
  (391, 180),
  (409, 225),
  (355, 225),
  (409, 255),
  (373, 262),
  (373, 262),
  (373, 262),
  (338, 337),
  (409, 345),
  (409, 412),
  (320, 412)],
 [(444, 142),
  (444, 127),
  (444, 135),
  (409, 142),
  (409, 142),
  (409, 172),
  (391, 180),
  (409, 225),
  (355, 225),
  (409, 255),
  (373, 262),
  (373, 262),
  (373, 262),
  (338, 337),
  (409, 345),
  (409, 412),
  (320, 412)]]
2025-07-16 01:08:48,221 INFO:Total frames processed: 9105
2025-07-16 01:08:48,221 INFO:Total keypoints detected: 154785
2025-07-16 01:08:48,221 INFO:2025-07-16T01:08:48.221718 | Time: 54.78 seconds | USE_BATCH_INFER = True | BATCH_SIZE = 16 | ENV: docker | Video: /tmp/a72fb6fdb2ae476fa33ef632f705174e_Djokovic_forehand_slow_motion.mp4
2025-07-16 01:12:29,051 INFO:File saved to: /tmp/b3fc8abd7e6b480d853ac5b76e895a39_Djokovic_forehand_slow_motion.mp4 (37.49 MB)
2025-07-16 01:12:29,051 INFO:Dispatching video for inference: /tmp/b3fc8abd7e6b480d853ac5b76e895a39_Djokovic_forehand_slow_motion.mp4
2025-07-16 01:12:29,059 INFO:Start Processing video '/tmp/b3fc8abd7e6b480d853ac5b76e895a39_Djokovic_forehand_slow_motion.mp4' with settings: USE_BATCH_INFER = True |  TRITON_URL: http://triton:8000
2025-07-16 01:12:32,669 INFO:File saved to: /tmp/da551c567b3740318e8c0301a38b674f_Djokovic_forehand_slow_motion.mp4 (37.49 MB)
2025-07-16 01:12:32,670 INFO:Dispatching video for inference: /tmp/da551c567b3740318e8c0301a38b674f_Djokovic_forehand_slow_motion.mp4
2025-07-16 01:12:32,678 INFO:Start Processing video '/tmp/da551c567b3740318e8c0301a38b674f_Djokovic_forehand_slow_motion.mp4' with settings: USE_BATCH_INFER = True |  TRITON_URL: http://triton:8000
2025-07-16 01:12:34,254 INFO:File saved to: /tmp/3ac7e45d7f174995b1680d4953973f35_Djokovic_forehand_slow_motion.mp4 (37.49 MB)
2025-07-16 01:12:34,254 INFO:Dispatching video for inference: /tmp/3ac7e45d7f174995b1680d4953973f35_Djokovic_forehand_slow_motion.mp4
2025-07-16 01:12:34,276 INFO:Start Processing video '/tmp/3ac7e45d7f174995b1680d4953973f35_Djokovic_forehand_slow_motion.mp4' with settings: USE_BATCH_INFER = True |  TRITON_URL: http://triton:8000
2025-07-16 01:13:38,444 INFO:Processed video '/tmp/b3fc8abd7e6b480d853ac5b76e895a39_Djokovic_forehand_slow_motion.mp4' in 69.37 seconds
2025-07-16 01:13:38,446 INFO:Sample keypoints (first 3):
[[(444, 135),
  (444, 127),
  (444, 127),
  (444, 135),
  (409, 135),
  (409, 172),
  (391, 172),
  (409, 225),
  (355, 225),
  (409, 262),
  (355, 262),
  (391, 262),
  (373, 262),
  (409, 337),
  (409, 345),
  (409, 412),
  (320, 412)],
 [(444, 142),
  (444, 127),
  (444, 135),
  (409, 142),
  (409, 142),
  (409, 172),
  (391, 180),
  (409, 225),
  (355, 225),
  (409, 255),
  (373, 262),
  (373, 262),
  (373, 262),
  (338, 337),
  (409, 345),
  (409, 412),
  (320, 412)],
 [(444, 142),
  (444, 127),
  (444, 135),
  (409, 142),
  (409, 142),
  (409, 172),
  (391, 180),
  (409, 225),
  (355, 225),
  (409, 255),
  (373, 262),
  (373, 262),
  (373, 262),
  (338, 337),
  (409, 345),
  (409, 412),
  (320, 412)]]
2025-07-16 01:13:38,449 INFO:Total frames processed: 9105
2025-07-16 01:13:38,450 INFO:Total keypoints detected: 154785
2025-07-16 01:13:38,450 INFO:2025-07-16T01:13:38.450720 | Time: 69.37 seconds | USE_BATCH_INFER = True | BATCH_SIZE = 16 | ENV: docker | Video: /tmp/b3fc8abd7e6b480d853ac5b76e895a39_Djokovic_forehand_slow_motion.mp4
2025-07-16 01:13:42,534 INFO:Processed video '/tmp/da551c567b3740318e8c0301a38b674f_Djokovic_forehand_slow_motion.mp4' in 69.83 seconds
2025-07-16 01:13:42,535 INFO:Sample keypoints (first 3):
[[(444, 135),
  (444, 127),
  (444, 127),
  (444, 135),
  (409, 135),
  (409, 172),
  (391, 172),
  (409, 225),
  (355, 225),
  (409, 262),
  (355, 262),
  (391, 262),
  (373, 262),
  (409, 337),
  (409, 345),
  (409, 412),
  (320, 412)],
 [(444, 142),
  (444, 127),
  (444, 135),
  (409, 142),
  (409, 142),
  (409, 172),
  (391, 180),
  (409, 225),
  (355, 225),
  (409, 255),
  (373, 262),
  (373, 262),
  (373, 262),
  (338, 337),
  (409, 345),
  (409, 412),
  (320, 412)],
 [(444, 142),
  (444, 127),
  (444, 135),
  (409, 142),
  (409, 142),
  (409, 172),
  (391, 180),
  (409, 225),
  (355, 225),
  (409, 255),
  (373, 262),
  (373, 262),
  (373, 262),
  (338, 337),
  (409, 345),
  (409, 412),
  (320, 412)]]
2025-07-16 01:13:42,538 INFO:Total frames processed: 9105
2025-07-16 01:13:42,539 INFO:Total keypoints detected: 154785
2025-07-16 01:13:42,539 INFO:2025-07-16T01:13:42.539552 | Time: 69.83 seconds | USE_BATCH_INFER = True | BATCH_SIZE = 16 | ENV: docker | Video: /tmp/da551c567b3740318e8c0301a38b674f_Djokovic_forehand_slow_motion.mp4
2025-07-16 01:13:43,859 INFO:Processed video '/tmp/3ac7e45d7f174995b1680d4953973f35_Djokovic_forehand_slow_motion.mp4' in 69.53 seconds
2025-07-16 01:13:43,860 INFO:Sample keypoints (first 3):
[[(444, 135),
  (444, 127),
  (444, 127),
  (444, 135),
  (409, 135),
  (409, 172),
  (391, 172),
  (409, 225),
  (355, 225),
  (409, 262),
  (355, 262),
  (391, 262),
  (373, 262),
  (409, 337),
  (409, 345),
  (409, 412),
  (320, 412)],
 [(444, 142),
  (444, 127),
  (444, 135),
  (409, 142),
  (409, 142),
  (409, 172),
  (391, 180),
  (409, 225),
  (355, 225),
  (409, 255),
  (373, 262),
  (373, 262),
  (373, 262),
  (338, 337),
  (409, 345),
  (409, 412),
  (320, 412)],
 [(444, 142),
  (444, 127),
  (444, 135),
  (409, 142),
  (409, 142),
  (409, 172),
  (391, 180),
  (409, 225),
  (355, 225),
  (409, 255),
  (373, 262),
  (373, 262),
  (373, 262),
  (338, 337),
  (409, 345),
  (409, 412),
  (320, 412)]]
2025-07-16 01:13:43,875 INFO:Total frames processed: 9105
2025-07-16 01:13:43,876 INFO:Total keypoints detected: 154785
2025-07-16 01:13:43,876 INFO:2025-07-16T01:13:43.876434 | Time: 69.53 seconds | USE_BATCH_INFER = True | BATCH_SIZE = 16 | ENV: docker | Video: /tmp/3ac7e45d7f174995b1680d4953973f35_Djokovic_forehand_slow_motion.mp4
2025-07-16 05:01:42,613 INFO:Logger initialized and writing to video_pose_inference.log
2025-07-16 05:10:28,582 INFO:File saved to: /tmp/d1c504eff8d84e4ab7f7028db4f94ab0_Djokovic_forehand_slow_motion.mp4 (37.49 MB)
2025-07-16 05:10:28,583 INFO:Dispatching video for inference: /tmp/d1c504eff8d84e4ab7f7028db4f94ab0_Djokovic_forehand_slow_motion.mp4
2025-07-16 05:10:28,746 INFO:Start Processing video '/tmp/d1c504eff8d84e4ab7f7028db4f94ab0_Djokovic_forehand_slow_motion.mp4' with settings: USE_BATCH_INFER = False |  TRITON_URL: http://triton:8000
2025-07-16 05:11:54,932 INFO:Processed video '/tmp/d1c504eff8d84e4ab7f7028db4f94ab0_Djokovic_forehand_slow_motion.mp4' in 86.14 seconds
2025-07-16 05:11:54,933 INFO:Sample keypoints (first 3):
[[(444, 135),
  (444, 127),
  (444, 127),
  (444, 135),
  (409, 135),
  (409, 172),
  (391, 172),
  (409, 225),
  (355, 225),
  (409, 262),
  (355, 262),
  (391, 262),
  (373, 262),
  (409, 337),
  (409, 345),
  (409, 412),
  (320, 412)],
 [(444, 142),
  (444, 127),
  (444, 135),
  (409, 142),
  (409, 142),
  (409, 172),
  (391, 180),
  (409, 225),
  (355, 225),
  (409, 255),
  (373, 262),
  (373, 262),
  (373, 262),
  (338, 337),
  (409, 345),
  (409, 412),
  (320, 412)],
 [(444, 142),
  (444, 127),
  (444, 135),
  (409, 142),
  (409, 142),
  (409, 172),
  (391, 180),
  (409, 225),
  (355, 225),
  (409, 255),
  (373, 262),
  (373, 262),
  (373, 262),
  (338, 337),
  (409, 345),
  (409, 412),
  (320, 412)]]
2025-07-16 05:11:54,935 INFO:Total frames processed: 9105
2025-07-16 05:11:54,935 INFO:Total keypoints detected: 154785
2025-07-16 05:11:54,936 INFO:2025-07-16T05:11:54.936012 | Time: 86.14 seconds | USE_BATCH_INFER = False | BATCH_SIZE = 1 | ENV: docker | Video: /tmp/d1c504eff8d84e4ab7f7028db4f94ab0_Djokovic_forehand_slow_motion.mp4
2025-07-16 05:12:16,537 INFO:File saved to: /tmp/031fa3e243bd4c0ea16ca7a3155032eb_Djokovic_forehand_slow_motion.mp4 (37.49 MB)
2025-07-16 05:12:16,537 INFO:Dispatching video for inference: /tmp/031fa3e243bd4c0ea16ca7a3155032eb_Djokovic_forehand_slow_motion.mp4
2025-07-16 05:12:16,542 INFO:Start Processing video '/tmp/031fa3e243bd4c0ea16ca7a3155032eb_Djokovic_forehand_slow_motion.mp4' with settings: USE_BATCH_INFER = False |  TRITON_URL: http://triton:8000
2025-07-16 05:13:41,471 INFO:Processed video '/tmp/031fa3e243bd4c0ea16ca7a3155032eb_Djokovic_forehand_slow_motion.mp4' in 84.92 seconds
2025-07-16 05:13:41,472 INFO:Sample keypoints (first 3):
[[(444, 135),
  (444, 127),
  (444, 127),
  (444, 135),
  (409, 135),
  (409, 172),
  (391, 172),
  (409, 225),
  (355, 225),
  (409, 262),
  (355, 262),
  (391, 262),
  (373, 262),
  (409, 337),
  (409, 345),
  (409, 412),
  (320, 412)],
 [(444, 142),
  (444, 127),
  (444, 135),
  (409, 142),
  (409, 142),
  (409, 172),
  (391, 180),
  (409, 225),
  (355, 225),
  (409, 255),
  (373, 262),
  (373, 262),
  (373, 262),
  (338, 337),
  (409, 345),
  (409, 412),
  (320, 412)],
 [(444, 142),
  (444, 127),
  (444, 135),
  (409, 142),
  (409, 142),
  (409, 172),
  (391, 180),
  (409, 225),
  (355, 225),
  (409, 255),
  (373, 262),
  (373, 262),
  (373, 262),
  (338, 337),
  (409, 345),
  (409, 412),
  (320, 412)]]
2025-07-16 05:13:41,474 INFO:Total frames processed: 9105
2025-07-16 05:13:41,474 INFO:Total keypoints detected: 154785
2025-07-16 05:13:41,474 INFO:2025-07-16T05:13:41.474929 | Time: 84.92 seconds | USE_BATCH_INFER = False | BATCH_SIZE = 1 | ENV: docker | Video: /tmp/031fa3e243bd4c0ea16ca7a3155032eb_Djokovic_forehand_slow_motion.mp4
2025-07-16 05:14:04,249 INFO:File saved to: /tmp/ad78a98a661b4818b92e0b1b78ed5fd7_Djokovic_forehand_slow_motion.mp4 (37.49 MB)
2025-07-16 05:14:04,250 INFO:Dispatching video for inference: /tmp/ad78a98a661b4818b92e0b1b78ed5fd7_Djokovic_forehand_slow_motion.mp4
2025-07-16 05:14:04,254 INFO:Start Processing video '/tmp/ad78a98a661b4818b92e0b1b78ed5fd7_Djokovic_forehand_slow_motion.mp4' with settings: USE_BATCH_INFER = False |  TRITON_URL: http://triton:8000
2025-07-16 05:14:05,376 INFO:File saved to: /tmp/5af0fe181da34728883defc9174159cb_Djokovic_forehand_slow_motion.mp4 (37.49 MB)
2025-07-16 05:14:05,376 INFO:Dispatching video for inference: /tmp/5af0fe181da34728883defc9174159cb_Djokovic_forehand_slow_motion.mp4
2025-07-16 05:14:05,382 INFO:Start Processing video '/tmp/5af0fe181da34728883defc9174159cb_Djokovic_forehand_slow_motion.mp4' with settings: USE_BATCH_INFER = False |  TRITON_URL: http://triton:8000
2025-07-16 05:14:07,491 INFO:File saved to: /tmp/45befe76637845629cd4aa51a1a8b318_Djokovic_forehand_slow_motion.mp4 (37.49 MB)
2025-07-16 05:14:07,492 INFO:Dispatching video for inference: /tmp/45befe76637845629cd4aa51a1a8b318_Djokovic_forehand_slow_motion.mp4
2025-07-16 05:14:07,500 INFO:Start Processing video '/tmp/45befe76637845629cd4aa51a1a8b318_Djokovic_forehand_slow_motion.mp4' with settings: USE_BATCH_INFER = False |  TRITON_URL: http://triton:8000
2025-07-16 05:16:11,526 INFO:Processed video '/tmp/5af0fe181da34728883defc9174159cb_Djokovic_forehand_slow_motion.mp4' in 126.12 seconds
2025-07-16 05:16:11,528 INFO:Sample keypoints (first 3):
[[(444, 135),
  (444, 127),
  (444, 127),
  (444, 135),
  (409, 135),
  (409, 172),
  (391, 172),
  (409, 225),
  (355, 225),
  (409, 262),
  (355, 262),
  (391, 262),
  (373, 262),
  (409, 337),
  (409, 345),
  (409, 412),
  (320, 412)],
 [(444, 142),
  (444, 127),
  (444, 135),
  (409, 142),
  (409, 142),
  (409, 172),
  (391, 180),
  (409, 225),
  (355, 225),
  (409, 255),
  (373, 262),
  (373, 262),
  (373, 262),
  (338, 337),
  (409, 345),
  (409, 412),
  (320, 412)],
 [(444, 142),
  (444, 127),
  (444, 135),
  (409, 142),
  (409, 142),
  (409, 172),
  (391, 180),
  (409, 225),
  (355, 225),
  (409, 255),
  (373, 262),
  (373, 262),
  (373, 262),
  (338, 337),
  (409, 345),
  (409, 412),
  (320, 412)]]
2025-07-16 05:16:11,532 INFO:Total frames processed: 9105
2025-07-16 05:16:11,533 INFO:Total keypoints detected: 154785
2025-07-16 05:16:11,533 INFO:2025-07-16T05:16:11.533653 | Time: 126.12 seconds | USE_BATCH_INFER = False | BATCH_SIZE = 1 | ENV: docker | Video: /tmp/5af0fe181da34728883defc9174159cb_Djokovic_forehand_slow_motion.mp4
2025-07-16 05:16:12,897 INFO:Processed video '/tmp/45befe76637845629cd4aa51a1a8b318_Djokovic_forehand_slow_motion.mp4' in 125.37 seconds
2025-07-16 05:16:12,898 INFO:Sample keypoints (first 3):
[[(444, 135),
  (444, 127),
  (444, 127),
  (444, 135),
  (409, 135),
  (409, 172),
  (391, 172),
  (409, 225),
  (355, 225),
  (409, 262),
  (355, 262),
  (391, 262),
  (373, 262),
  (409, 337),
  (409, 345),
  (409, 412),
  (320, 412)],
 [(444, 142),
  (444, 127),
  (444, 135),
  (409, 142),
  (409, 142),
  (409, 172),
  (391, 180),
  (409, 225),
  (355, 225),
  (409, 255),
  (373, 262),
  (373, 262),
  (373, 262),
  (338, 337),
  (409, 345),
  (409, 412),
  (320, 412)],
 [(444, 142),
  (444, 127),
  (444, 135),
  (409, 142),
  (409, 142),
  (409, 172),
  (391, 180),
  (409, 225),
  (355, 225),
  (409, 255),
  (373, 262),
  (373, 262),
  (373, 262),
  (338, 337),
  (409, 345),
  (409, 412),
  (320, 412)]]
2025-07-16 05:16:12,902 INFO:Total frames processed: 9105
2025-07-16 05:16:12,903 INFO:Total keypoints detected: 154785
2025-07-16 05:16:12,903 INFO:2025-07-16T05:16:12.903825 | Time: 125.37 seconds | USE_BATCH_INFER = False | BATCH_SIZE = 1 | ENV: docker | Video: /tmp/45befe76637845629cd4aa51a1a8b318_Djokovic_forehand_slow_motion.mp4
2025-07-16 05:16:15,160 INFO:Processed video '/tmp/ad78a98a661b4818b92e0b1b78ed5fd7_Djokovic_forehand_slow_motion.mp4' in 130.90 seconds
2025-07-16 05:16:15,161 INFO:Sample keypoints (first 3):
[[(444, 135),
  (444, 127),
  (444, 127),
  (444, 135),
  (409, 135),
  (409, 172),
  (391, 172),
  (409, 225),
  (355, 225),
  (409, 262),
  (355, 262),
  (391, 262),
  (373, 262),
  (409, 337),
  (409, 345),
  (409, 412),
  (320, 412)],
 [(444, 142),
  (444, 127),
  (444, 135),
  (409, 142),
  (409, 142),
  (409, 172),
  (391, 180),
  (409, 225),
  (355, 225),
  (409, 255),
  (373, 262),
  (373, 262),
  (373, 262),
  (338, 337),
  (409, 345),
  (409, 412),
  (320, 412)],
 [(444, 142),
  (444, 127),
  (444, 135),
  (409, 142),
  (409, 142),
  (409, 172),
  (391, 180),
  (409, 225),
  (355, 225),
  (409, 255),
  (373, 262),
  (373, 262),
  (373, 262),
  (338, 337),
  (409, 345),
  (409, 412),
  (320, 412)]]
2025-07-16 05:16:15,163 INFO:Total frames processed: 9105
2025-07-16 05:16:15,164 INFO:Total keypoints detected: 154785
2025-07-16 05:16:15,164 INFO:2025-07-16T05:16:15.164369 | Time: 130.90 seconds | USE_BATCH_INFER = False | BATCH_SIZE = 1 | ENV: docker | Video: /tmp/ad78a98a661b4818b92e0b1b78ed5fd7_Djokovic_forehand_slow_motion.mp4
2025-07-16 05:18:49,106 INFO:File saved to: /tmp/04c6877950bb4b50af292cad83c015ec_Djokovic_forehand_slow_motion.mp4 (37.49 MB)
2025-07-16 05:18:49,106 INFO:Dispatching video for inference: /tmp/04c6877950bb4b50af292cad83c015ec_Djokovic_forehand_slow_motion.mp4
2025-07-16 05:18:49,110 INFO:Start Processing video '/tmp/04c6877950bb4b50af292cad83c015ec_Djokovic_forehand_slow_motion.mp4' with settings: USE_BATCH_INFER = False |  TRITON_URL: http://triton:8000
2025-07-16 05:18:50,211 INFO:File saved to: /tmp/03ff17fb88fc4a87b951b12c22a921bb_Djokovic_forehand_slow_motion.mp4 (37.49 MB)
2025-07-16 05:18:50,211 INFO:Dispatching video for inference: /tmp/03ff17fb88fc4a87b951b12c22a921bb_Djokovic_forehand_slow_motion.mp4
2025-07-16 05:18:50,216 INFO:Start Processing video '/tmp/03ff17fb88fc4a87b951b12c22a921bb_Djokovic_forehand_slow_motion.mp4' with settings: USE_BATCH_INFER = False |  TRITON_URL: http://triton:8000
2025-07-16 05:20:30,753 INFO:Processed video '/tmp/03ff17fb88fc4a87b951b12c22a921bb_Djokovic_forehand_slow_motion.mp4' in 100.52 seconds
2025-07-16 05:20:30,754 INFO:Sample keypoints (first 3):
[[(444, 135),
  (444, 127),
  (444, 127),
  (444, 135),
  (409, 135),
  (409, 172),
  (391, 172),
  (409, 225),
  (355, 225),
  (409, 262),
  (355, 262),
  (391, 262),
  (373, 262),
  (409, 337),
  (409, 345),
  (409, 412),
  (320, 412)],
 [(444, 142),
  (444, 127),
  (444, 135),
  (409, 142),
  (409, 142),
  (409, 172),
  (391, 180),
  (409, 225),
  (355, 225),
  (409, 255),
  (373, 262),
  (373, 262),
  (373, 262),
  (338, 337),
  (409, 345),
  (409, 412),
  (320, 412)],
 [(444, 142),
  (444, 127),
  (444, 135),
  (409, 142),
  (409, 142),
  (409, 172),
  (391, 180),
  (409, 225),
  (355, 225),
  (409, 255),
  (373, 262),
  (373, 262),
  (373, 262),
  (338, 337),
  (409, 345),
  (409, 412),
  (320, 412)]]
2025-07-16 05:20:30,758 INFO:Total frames processed: 9105
2025-07-16 05:20:30,758 INFO:Total keypoints detected: 154785
2025-07-16 05:20:30,758 INFO:2025-07-16T05:20:30.758927 | Time: 100.52 seconds | USE_BATCH_INFER = False | BATCH_SIZE = 1 | ENV: docker | Video: /tmp/03ff17fb88fc4a87b951b12c22a921bb_Djokovic_forehand_slow_motion.mp4
2025-07-16 05:20:35,910 INFO:Processed video '/tmp/04c6877950bb4b50af292cad83c015ec_Djokovic_forehand_slow_motion.mp4' in 106.79 seconds
2025-07-16 05:20:35,911 INFO:Sample keypoints (first 3):
[[(444, 135),
  (444, 127),
  (444, 127),
  (444, 135),
  (409, 135),
  (409, 172),
  (391, 172),
  (409, 225),
  (355, 225),
  (409, 262),
  (355, 262),
  (391, 262),
  (373, 262),
  (409, 337),
  (409, 345),
  (409, 412),
  (320, 412)],
 [(444, 142),
  (444, 127),
  (444, 135),
  (409, 142),
  (409, 142),
  (409, 172),
  (391, 180),
  (409, 225),
  (355, 225),
  (409, 255),
  (373, 262),
  (373, 262),
  (373, 262),
  (338, 337),
  (409, 345),
  (409, 412),
  (320, 412)],
 [(444, 142),
  (444, 127),
  (444, 135),
  (409, 142),
  (409, 142),
  (409, 172),
  (391, 180),
  (409, 225),
  (355, 225),
  (409, 255),
  (373, 262),
  (373, 262),
  (373, 262),
  (338, 337),
  (409, 345),
  (409, 412),
  (320, 412)]]
2025-07-16 05:20:35,913 INFO:Total frames processed: 9105
2025-07-16 05:20:35,913 INFO:Total keypoints detected: 154785
2025-07-16 05:20:35,913 INFO:2025-07-16T05:20:35.913775 | Time: 106.79 seconds | USE_BATCH_INFER = False | BATCH_SIZE = 1 | ENV: docker | Video: /tmp/04c6877950bb4b50af292cad83c015ec_Djokovic_forehand_slow_motion.mp4
2025-07-16 05:26:35,948 INFO:Logger initialized and writing to video_pose_inference.log
2025-07-16 05:27:47,015 INFO:File saved to: /tmp/18c47e364c274968a7dcafc9dd296c7d_Djokovic_forehand_slow_motion.mp4 (37.49 MB)
2025-07-16 05:27:47,015 INFO:Dispatching video for inference: /tmp/18c47e364c274968a7dcafc9dd296c7d_Djokovic_forehand_slow_motion.mp4
2025-07-16 05:27:47,084 INFO:Start Processing video '/tmp/18c47e364c274968a7dcafc9dd296c7d_Djokovic_forehand_slow_motion.mp4' with settings: USE_BATCH_INFER = True |  TRITON_URL: http://triton:8000
2025-07-16 05:28:43,616 INFO:Processed video '/tmp/18c47e364c274968a7dcafc9dd296c7d_Djokovic_forehand_slow_motion.mp4' in 56.51 seconds
2025-07-16 05:28:43,617 INFO:Sample keypoints (first 3):
[[(444, 135),
  (444, 127),
  (444, 127),
  (444, 135),
  (409, 135),
  (409, 172),
  (391, 172),
  (409, 225),
  (355, 225),
  (409, 262),
  (355, 262),
  (391, 262),
  (373, 262),
  (409, 337),
  (409, 345),
  (409, 412),
  (320, 412)],
 [(444, 142),
  (444, 127),
  (444, 135),
  (409, 142),
  (409, 142),
  (409, 172),
  (391, 180),
  (409, 225),
  (355, 225),
  (409, 255),
  (373, 262),
  (373, 262),
  (373, 262),
  (338, 337),
  (409, 345),
  (409, 412),
  (320, 412)],
 [(444, 142),
  (444, 127),
  (444, 135),
  (409, 142),
  (409, 142),
  (409, 172),
  (391, 180),
  (409, 225),
  (355, 225),
  (409, 255),
  (373, 262),
  (373, 262),
  (373, 262),
  (338, 337),
  (409, 345),
  (409, 412),
  (320, 412)]]
2025-07-16 05:28:43,620 INFO:Total frames processed: 9105
2025-07-16 05:28:43,620 INFO:Total keypoints detected: 154785
2025-07-16 05:28:43,621 INFO:2025-07-16T05:28:43.621062 | Time: 56.51 seconds | USE_BATCH_INFER = True | BATCH_SIZE = 16 | ENV: docker | Video: /tmp/18c47e364c274968a7dcafc9dd296c7d_Djokovic_forehand_slow_motion.mp4
2025-07-16 05:29:37,124 INFO:File saved to: /tmp/3a085314a46e4798af64ab7fd592c938_Djokovic_forehand_slow_motion.mp4 (37.49 MB)
2025-07-16 05:29:37,124 INFO:Dispatching video for inference: /tmp/3a085314a46e4798af64ab7fd592c938_Djokovic_forehand_slow_motion.mp4
2025-07-16 05:29:37,130 INFO:Start Processing video '/tmp/3a085314a46e4798af64ab7fd592c938_Djokovic_forehand_slow_motion.mp4' with settings: USE_BATCH_INFER = True |  TRITON_URL: http://triton:8000
2025-07-16 05:29:38,365 INFO:File saved to: /tmp/1622f9534a214360a9ffba1a3816ebf1_Djokovic_forehand_slow_motion.mp4 (37.49 MB)
2025-07-16 05:29:38,365 INFO:Dispatching video for inference: /tmp/1622f9534a214360a9ffba1a3816ebf1_Djokovic_forehand_slow_motion.mp4
2025-07-16 05:29:38,372 INFO:Start Processing video '/tmp/1622f9534a214360a9ffba1a3816ebf1_Djokovic_forehand_slow_motion.mp4' with settings: USE_BATCH_INFER = True |  TRITON_URL: http://triton:8000
2025-07-16 05:30:30,806 INFO:Processed video '/tmp/3a085314a46e4798af64ab7fd592c938_Djokovic_forehand_slow_motion.mp4' in 53.67 seconds
2025-07-16 05:30:30,807 INFO:Sample keypoints (first 3):
[[(444, 135),
  (444, 127),
  (444, 127),
  (444, 135),
  (409, 135),
  (409, 172),
  (391, 172),
  (409, 225),
  (355, 225),
  (409, 262),
  (355, 262),
  (391, 262),
  (373, 262),
  (409, 337),
  (409, 345),
  (409, 412),
  (320, 412)],
 [(444, 142),
  (444, 127),
  (444, 135),
  (409, 142),
  (409, 142),
  (409, 172),
  (391, 180),
  (409, 225),
  (355, 225),
  (409, 255),
  (373, 262),
  (373, 262),
  (373, 262),
  (338, 337),
  (409, 345),
  (409, 412),
  (320, 412)],
 [(444, 142),
  (444, 127),
  (444, 135),
  (409, 142),
  (409, 142),
  (409, 172),
  (391, 180),
  (409, 225),
  (355, 225),
  (409, 255),
  (373, 262),
  (373, 262),
  (373, 262),
  (338, 337),
  (409, 345),
  (409, 412),
  (320, 412)]]
2025-07-16 05:30:30,809 INFO:Total frames processed: 9105
2025-07-16 05:30:30,809 INFO:Total keypoints detected: 154785
2025-07-16 05:30:30,809 INFO:2025-07-16T05:30:30.809649 | Time: 53.67 seconds | USE_BATCH_INFER = True | BATCH_SIZE = 16 | ENV: docker | Video: /tmp/3a085314a46e4798af64ab7fd592c938_Djokovic_forehand_slow_motion.mp4
2025-07-16 05:30:31,581 INFO:Processed video '/tmp/1622f9534a214360a9ffba1a3816ebf1_Djokovic_forehand_slow_motion.mp4' in 53.19 seconds
2025-07-16 05:30:31,582 INFO:Sample keypoints (first 3):
[[(444, 135),
  (444, 127),
  (444, 127),
  (444, 135),
  (409, 135),
  (409, 172),
  (391, 172),
  (409, 225),
  (355, 225),
  (409, 262),
  (355, 262),
  (391, 262),
  (373, 262),
  (409, 337),
  (409, 345),
  (409, 412),
  (320, 412)],
 [(444, 142),
  (444, 127),
  (444, 135),
  (409, 142),
  (409, 142),
  (409, 172),
  (391, 180),
  (409, 225),
  (355, 225),
  (409, 255),
  (373, 262),
  (373, 262),
  (373, 262),
  (338, 337),
  (409, 345),
  (409, 412),
  (320, 412)],
 [(444, 142),
  (444, 127),
  (444, 135),
  (409, 142),
  (409, 142),
  (409, 172),
  (391, 180),
  (409, 225),
  (355, 225),
  (409, 255),
  (373, 262),
  (373, 262),
  (373, 262),
  (338, 337),
  (409, 345),
  (409, 412),
  (320, 412)]]
2025-07-16 05:30:31,583 INFO:Total frames processed: 9105
2025-07-16 05:30:31,583 INFO:Total keypoints detected: 154785
2025-07-16 05:30:31,584 INFO:2025-07-16T05:30:31.584079 | Time: 53.19 seconds | USE_BATCH_INFER = True | BATCH_SIZE = 16 | ENV: docker | Video: /tmp/1622f9534a214360a9ffba1a3816ebf1_Djokovic_forehand_slow_motion.mp4
2025-07-16 05:30:47,389 INFO:File saved to: /tmp/fbec3e83f1ac478abf0a27a92fa1fa27_Djokovic_forehand_slow_motion.mp4 (37.49 MB)
2025-07-16 05:30:47,389 INFO:Dispatching video for inference: /tmp/fbec3e83f1ac478abf0a27a92fa1fa27_Djokovic_forehand_slow_motion.mp4
2025-07-16 05:30:47,393 INFO:Start Processing video '/tmp/fbec3e83f1ac478abf0a27a92fa1fa27_Djokovic_forehand_slow_motion.mp4' with settings: USE_BATCH_INFER = True |  TRITON_URL: http://triton:8000
2025-07-16 05:30:48,256 INFO:File saved to: /tmp/55a29d8fbf3a46aa98a2b0c655943502_Djokovic_forehand_slow_motion.mp4 (37.49 MB)
2025-07-16 05:30:48,256 INFO:Dispatching video for inference: /tmp/55a29d8fbf3a46aa98a2b0c655943502_Djokovic_forehand_slow_motion.mp4
2025-07-16 05:30:48,259 INFO:Start Processing video '/tmp/55a29d8fbf3a46aa98a2b0c655943502_Djokovic_forehand_slow_motion.mp4' with settings: USE_BATCH_INFER = True |  TRITON_URL: http://triton:8000
2025-07-16 05:30:49,487 INFO:File saved to: /tmp/6411bdc9b4c9410b86c8c046b1939e57_Djokovic_forehand_slow_motion.mp4 (37.49 MB)
2025-07-16 05:30:49,487 INFO:Dispatching video for inference: /tmp/6411bdc9b4c9410b86c8c046b1939e57_Djokovic_forehand_slow_motion.mp4
2025-07-16 05:30:49,498 INFO:Start Processing video '/tmp/6411bdc9b4c9410b86c8c046b1939e57_Djokovic_forehand_slow_motion.mp4' with settings: USE_BATCH_INFER = True |  TRITON_URL: http://triton:8000
2025-07-16 05:31:55,041 INFO:Processed video '/tmp/fbec3e83f1ac478abf0a27a92fa1fa27_Djokovic_forehand_slow_motion.mp4' in 67.64 seconds
2025-07-16 05:31:55,042 INFO:Sample keypoints (first 3):
[[(444, 135),
  (444, 127),
  (444, 127),
  (444, 135),
  (409, 135),
  (409, 172),
  (391, 172),
  (409, 225),
  (355, 225),
  (409, 262),
  (355, 262),
  (391, 262),
  (373, 262),
  (409, 337),
  (409, 345),
  (409, 412),
  (320, 412)],
 [(444, 142),
  (444, 127),
  (444, 135),
  (409, 142),
  (409, 142),
  (409, 172),
  (391, 180),
  (409, 225),
  (355, 225),
  (409, 255),
  (373, 262),
  (373, 262),
  (373, 262),
  (338, 337),
  (409, 345),
  (409, 412),
  (320, 412)],
 [(444, 142),
  (444, 127),
  (444, 135),
  (409, 142),
  (409, 142),
  (409, 172),
  (391, 180),
  (409, 225),
  (355, 225),
  (409, 255),
  (373, 262),
  (373, 262),
  (373, 262),
  (338, 337),
  (409, 345),
  (409, 412),
  (320, 412)]]
2025-07-16 05:31:55,044 INFO:Total frames processed: 9105
2025-07-16 05:31:55,044 INFO:Total keypoints detected: 154785
2025-07-16 05:31:55,045 INFO:2025-07-16T05:31:55.045107 | Time: 67.64 seconds | USE_BATCH_INFER = True | BATCH_SIZE = 16 | ENV: docker | Video: /tmp/fbec3e83f1ac478abf0a27a92fa1fa27_Djokovic_forehand_slow_motion.mp4
2025-07-16 05:31:55,781 INFO:Processed video '/tmp/55a29d8fbf3a46aa98a2b0c655943502_Djokovic_forehand_slow_motion.mp4' in 67.51 seconds
2025-07-16 05:31:55,782 INFO:Sample keypoints (first 3):
[[(444, 135),
  (444, 127),
  (444, 127),
  (444, 135),
  (409, 135),
  (409, 172),
  (391, 172),
  (409, 225),
  (355, 225),
  (409, 262),
  (355, 262),
  (391, 262),
  (373, 262),
  (409, 337),
  (409, 345),
  (409, 412),
  (320, 412)],
 [(444, 142),
  (444, 127),
  (444, 135),
  (409, 142),
  (409, 142),
  (409, 172),
  (391, 180),
  (409, 225),
  (355, 225),
  (409, 255),
  (373, 262),
  (373, 262),
  (373, 262),
  (338, 337),
  (409, 345),
  (409, 412),
  (320, 412)],
 [(444, 142),
  (444, 127),
  (444, 135),
  (409, 142),
  (409, 142),
  (409, 172),
  (391, 180),
  (409, 225),
  (355, 225),
  (409, 255),
  (373, 262),
  (373, 262),
  (373, 262),
  (338, 337),
  (409, 345),
  (409, 412),
  (320, 412)]]
2025-07-16 05:31:55,784 INFO:Total frames processed: 9105
2025-07-16 05:31:55,784 INFO:Total keypoints detected: 154785
2025-07-16 05:31:55,784 INFO:2025-07-16T05:31:55.784811 | Time: 67.51 seconds | USE_BATCH_INFER = True | BATCH_SIZE = 16 | ENV: docker | Video: /tmp/55a29d8fbf3a46aa98a2b0c655943502_Djokovic_forehand_slow_motion.mp4
2025-07-16 05:31:56,716 INFO:Processed video '/tmp/6411bdc9b4c9410b86c8c046b1939e57_Djokovic_forehand_slow_motion.mp4' in 67.18 seconds
2025-07-16 05:31:56,717 INFO:Sample keypoints (first 3):
[[(444, 135),
  (444, 127),
  (444, 127),
  (444, 135),
  (409, 135),
  (409, 172),
  (391, 172),
  (409, 225),
  (355, 225),
  (409, 262),
  (355, 262),
  (391, 262),
  (373, 262),
  (409, 337),
  (409, 345),
  (409, 412),
  (320, 412)],
 [(444, 142),
  (444, 127),
  (444, 135),
  (409, 142),
  (409, 142),
  (409, 172),
  (391, 180),
  (409, 225),
  (355, 225),
  (409, 255),
  (373, 262),
  (373, 262),
  (373, 262),
  (338, 337),
  (409, 345),
  (409, 412),
  (320, 412)],
 [(444, 142),
  (444, 127),
  (444, 135),
  (409, 142),
  (409, 142),
  (409, 172),
  (391, 180),
  (409, 225),
  (355, 225),
  (409, 255),
  (373, 262),
  (373, 262),
  (373, 262),
  (338, 337),
  (409, 345),
  (409, 412),
  (320, 412)]]
2025-07-16 05:31:56,720 INFO:Total frames processed: 9105
2025-07-16 05:31:56,720 INFO:Total keypoints detected: 154785
2025-07-16 05:31:56,720 INFO:2025-07-16T05:31:56.720692 | Time: 67.18 seconds | USE_BATCH_INFER = True | BATCH_SIZE = 16 | ENV: docker | Video: /tmp/6411bdc9b4c9410b86c8c046b1939e57_Djokovic_forehand_slow_motion.mp4
2025-07-16 05:32:13,198 INFO:File saved to: /tmp/9c9b2d5aa88e4f8ca087c8cf162451cd_Djokovic_forehand_slow_motion.mp4 (37.49 MB)
2025-07-16 05:32:13,198 INFO:Dispatching video for inference: /tmp/9c9b2d5aa88e4f8ca087c8cf162451cd_Djokovic_forehand_slow_motion.mp4
2025-07-16 05:32:13,203 INFO:Start Processing video '/tmp/9c9b2d5aa88e4f8ca087c8cf162451cd_Djokovic_forehand_slow_motion.mp4' with settings: USE_BATCH_INFER = True |  TRITON_URL: http://triton:8000
2025-07-16 05:32:14,060 INFO:File saved to: /tmp/c3a97b5dc65c4cb280fa2afbf883fe05_Djokovic_forehand_slow_motion.mp4 (37.49 MB)
2025-07-16 05:32:14,060 INFO:Dispatching video for inference: /tmp/c3a97b5dc65c4cb280fa2afbf883fe05_Djokovic_forehand_slow_motion.mp4
2025-07-16 05:32:14,065 INFO:Start Processing video '/tmp/c3a97b5dc65c4cb280fa2afbf883fe05_Djokovic_forehand_slow_motion.mp4' with settings: USE_BATCH_INFER = True |  TRITON_URL: http://triton:8000
2025-07-16 05:32:15,347 INFO:File saved to: /tmp/8aaa84dc3a0442c2b1bfda78f9f48620_Djokovic_forehand_slow_motion.mp4 (37.49 MB)
2025-07-16 05:32:15,348 INFO:Dispatching video for inference: /tmp/8aaa84dc3a0442c2b1bfda78f9f48620_Djokovic_forehand_slow_motion.mp4
2025-07-16 05:32:15,356 INFO:Start Processing video '/tmp/8aaa84dc3a0442c2b1bfda78f9f48620_Djokovic_forehand_slow_motion.mp4' with settings: USE_BATCH_INFER = True |  TRITON_URL: http://triton:8000
2025-07-16 05:32:16,870 INFO:File saved to: /tmp/5b71ca04d75a45c4bf654e621dd58ba5_Djokovic_forehand_slow_motion.mp4 (37.49 MB)
2025-07-16 05:32:16,871 INFO:Dispatching video for inference: /tmp/5b71ca04d75a45c4bf654e621dd58ba5_Djokovic_forehand_slow_motion.mp4
2025-07-16 05:32:16,881 INFO:Start Processing video '/tmp/5b71ca04d75a45c4bf654e621dd58ba5_Djokovic_forehand_slow_motion.mp4' with settings: USE_BATCH_INFER = True |  TRITON_URL: http://triton:8000
2025-07-16 05:33:40,729 INFO:Processed video '/tmp/9c9b2d5aa88e4f8ca087c8cf162451cd_Djokovic_forehand_slow_motion.mp4' in 87.51 seconds
2025-07-16 05:33:40,730 INFO:Sample keypoints (first 3):
[[(444, 135),
  (444, 127),
  (444, 127),
  (444, 135),
  (409, 135),
  (409, 172),
  (391, 172),
  (409, 225),
  (355, 225),
  (409, 262),
  (355, 262),
  (391, 262),
  (373, 262),
  (409, 337),
  (409, 345),
  (409, 412),
  (320, 412)],
 [(444, 142),
  (444, 127),
  (444, 135),
  (409, 142),
  (409, 142),
  (409, 172),
  (391, 180),
  (409, 225),
  (355, 225),
  (409, 255),
  (373, 262),
  (373, 262),
  (373, 262),
  (338, 337),
  (409, 345),
  (409, 412),
  (320, 412)],
 [(444, 142),
  (444, 127),
  (444, 135),
  (409, 142),
  (409, 142),
  (409, 172),
  (391, 180),
  (409, 225),
  (355, 225),
  (409, 255),
  (373, 262),
  (373, 262),
  (373, 262),
  (338, 337),
  (409, 345),
  (409, 412),
  (320, 412)]]
2025-07-16 05:33:40,734 INFO:Total frames processed: 9105
2025-07-16 05:33:40,734 INFO:Total keypoints detected: 154785
2025-07-16 05:33:40,734 INFO:2025-07-16T05:33:40.734854 | Time: 87.51 seconds | USE_BATCH_INFER = True | BATCH_SIZE = 16 | ENV: docker | Video: /tmp/9c9b2d5aa88e4f8ca087c8cf162451cd_Djokovic_forehand_slow_motion.mp4
2025-07-16 05:33:41,610 INFO:Processed video '/tmp/c3a97b5dc65c4cb280fa2afbf883fe05_Djokovic_forehand_slow_motion.mp4' in 87.53 seconds
2025-07-16 05:33:41,612 INFO:Sample keypoints (first 3):
[[(444, 135),
  (444, 127),
  (444, 127),
  (444, 135),
  (409, 135),
  (409, 172),
  (391, 172),
  (409, 225),
  (355, 225),
  (409, 262),
  (355, 262),
  (391, 262),
  (373, 262),
  (409, 337),
  (409, 345),
  (409, 412),
  (320, 412)],
 [(444, 142),
  (444, 127),
  (444, 135),
  (409, 142),
  (409, 142),
  (409, 172),
  (391, 180),
  (409, 225),
  (355, 225),
  (409, 255),
  (373, 262),
  (373, 262),
  (373, 262),
  (338, 337),
  (409, 345),
  (409, 412),
  (320, 412)],
 [(444, 142),
  (444, 127),
  (444, 135),
  (409, 142),
  (409, 142),
  (409, 172),
  (391, 180),
  (409, 225),
  (355, 225),
  (409, 255),
  (373, 262),
  (373, 262),
  (373, 262),
  (338, 337),
  (409, 345),
  (409, 412),
  (320, 412)]]
2025-07-16 05:33:41,618 INFO:Total frames processed: 9105
2025-07-16 05:33:41,619 INFO:Total keypoints detected: 154785
2025-07-16 05:33:41,619 INFO:2025-07-16T05:33:41.619701 | Time: 87.53 seconds | USE_BATCH_INFER = True | BATCH_SIZE = 16 | ENV: docker | Video: /tmp/c3a97b5dc65c4cb280fa2afbf883fe05_Djokovic_forehand_slow_motion.mp4
2025-07-16 05:33:41,324 INFO:Processed video '/tmp/8aaa84dc3a0442c2b1bfda78f9f48620_Djokovic_forehand_slow_motion.mp4' in 85.94 seconds
2025-07-16 05:33:41,326 INFO:Sample keypoints (first 3):
[[(444, 135),
  (444, 127),
  (444, 127),
  (444, 135),
  (409, 135),
  (409, 172),
  (391, 172),
  (409, 225),
  (355, 225),
  (409, 262),
  (355, 262),
  (391, 262),
  (373, 262),
  (409, 337),
  (409, 345),
  (409, 412),
  (320, 412)],
 [(444, 142),
  (444, 127),
  (444, 135),
  (409, 142),
  (409, 142),
  (409, 172),
  (391, 180),
  (409, 225),
  (355, 225),
  (409, 255),
  (373, 262),
  (373, 262),
  (373, 262),
  (338, 337),
  (409, 345),
  (409, 412),
  (320, 412)],
 [(444, 142),
  (444, 127),
  (444, 135),
  (409, 142),
  (409, 142),
  (409, 172),
  (391, 180),
  (409, 225),
  (355, 225),
  (409, 255),
  (373, 262),
  (373, 262),
  (373, 262),
  (338, 337),
  (409, 345),
  (409, 412),
  (320, 412)]]
2025-07-16 05:33:41,328 INFO:Total frames processed: 9105
2025-07-16 05:33:41,328 INFO:Total keypoints detected: 154785
2025-07-16 05:33:41,328 INFO:2025-07-16T05:33:41.328447 | Time: 85.94 seconds | USE_BATCH_INFER = True | BATCH_SIZE = 16 | ENV: docker | Video: /tmp/8aaa84dc3a0442c2b1bfda78f9f48620_Djokovic_forehand_slow_motion.mp4
2025-07-16 05:33:42,094 INFO:Processed video '/tmp/5b71ca04d75a45c4bf654e621dd58ba5_Djokovic_forehand_slow_motion.mp4' in 85.17 seconds
2025-07-16 05:33:42,095 INFO:Sample keypoints (first 3):
[[(444, 135),
  (444, 127),
  (444, 127),
  (444, 135),
  (409, 135),
  (409, 172),
  (391, 172),
  (409, 225),
  (355, 225),
  (409, 262),
  (355, 262),
  (391, 262),
  (373, 262),
  (409, 337),
  (409, 345),
  (409, 412),
  (320, 412)],
 [(444, 142),
  (444, 127),
  (444, 135),
  (409, 142),
  (409, 142),
  (409, 172),
  (391, 180),
  (409, 225),
  (355, 225),
  (409, 255),
  (373, 262),
  (373, 262),
  (373, 262),
  (338, 337),
  (409, 345),
  (409, 412),
  (320, 412)],
 [(444, 142),
  (444, 127),
  (444, 135),
  (409, 142),
  (409, 142),
  (409, 172),
  (391, 180),
  (409, 225),
  (355, 225),
  (409, 255),
  (373, 262),
  (373, 262),
  (373, 262),
  (338, 337),
  (409, 345),
  (409, 412),
  (320, 412)]]
2025-07-16 05:33:42,098 INFO:Total frames processed: 9105
2025-07-16 05:33:42,098 INFO:Total keypoints detected: 154785
2025-07-16 05:33:42,098 INFO:2025-07-16T05:33:42.098660 | Time: 85.17 seconds | USE_BATCH_INFER = True | BATCH_SIZE = 16 | ENV: docker | Video: /tmp/5b71ca04d75a45c4bf654e621dd58ba5_Djokovic_forehand_slow_motion.mp4
2025-07-16 05:38:32,364 INFO:Logger initialized and writing to video_pose_inference.log
2025-07-16 05:39:01,370 INFO:File saved to: /tmp/ceb543fbf2d94c29bfc259c27c04c60c_Djokovic_forehand_slow_motion.mp4 (37.49 MB)
2025-07-16 05:39:01,371 INFO:Dispatching video for inference: /tmp/ceb543fbf2d94c29bfc259c27c04c60c_Djokovic_forehand_slow_motion.mp4
2025-07-16 05:39:01,448 INFO:Start Processing video '/tmp/ceb543fbf2d94c29bfc259c27c04c60c_Djokovic_forehand_slow_motion.mp4' with settings: USE_BATCH_INFER = True |  TRITON_URL: http://triton:8000
2025-07-16 05:40:02,326 INFO:Processed video '/tmp/ceb543fbf2d94c29bfc259c27c04c60c_Djokovic_forehand_slow_motion.mp4' in 60.86 seconds
2025-07-16 05:40:02,328 INFO:Sample keypoints (first 3):
[[(444, 135),
  (444, 127),
  (444, 127),
  (444, 135),
  (409, 135),
  (409, 172),
  (391, 172),
  (409, 225),
  (355, 225),
  (409, 262),
  (355, 262),
  (391, 262),
  (373, 262),
  (409, 337),
  (409, 345),
  (409, 412),
  (320, 412)],
 [(444, 142),
  (444, 127),
  (444, 135),
  (409, 142),
  (409, 142),
  (409, 172),
  (391, 180),
  (409, 225),
  (355, 225),
  (409, 255),
  (373, 262),
  (373, 262),
  (373, 262),
  (338, 337),
  (409, 345),
  (409, 412),
  (320, 412)],
 [(444, 142),
  (444, 127),
  (444, 135),
  (409, 142),
  (409, 142),
  (409, 172),
  (391, 180),
  (409, 225),
  (355, 225),
  (409, 255),
  (373, 262),
  (373, 262),
  (373, 262),
  (338, 337),
  (409, 345),
  (409, 412),
  (320, 412)]]
2025-07-16 05:40:02,330 INFO:Total frames processed: 9105
2025-07-16 05:40:02,330 INFO:Total keypoints detected: 154785
2025-07-16 05:40:02,330 INFO:2025-07-16T05:40:02.330493 | Time: 60.86 seconds | USE_BATCH_INFER = True | BATCH_SIZE = 32 | ENV: docker | Video: /tmp/ceb543fbf2d94c29bfc259c27c04c60c_Djokovic_forehand_slow_motion.mp4
2025-07-16 05:40:50,052 INFO:File saved to: /tmp/1726c49fcc77431a8f1d022072684460_Djokovic_forehand_slow_motion.mp4 (37.49 MB)
2025-07-16 05:40:50,052 INFO:Dispatching video for inference: /tmp/1726c49fcc77431a8f1d022072684460_Djokovic_forehand_slow_motion.mp4
2025-07-16 05:40:50,057 INFO:Start Processing video '/tmp/1726c49fcc77431a8f1d022072684460_Djokovic_forehand_slow_motion.mp4' with settings: USE_BATCH_INFER = True |  TRITON_URL: http://triton:8000
2025-07-16 05:40:51,293 INFO:File saved to: /tmp/688936c9677f4d18bcb262971785236c_Djokovic_forehand_slow_motion.mp4 (37.49 MB)
2025-07-16 05:40:51,294 INFO:Dispatching video for inference: /tmp/688936c9677f4d18bcb262971785236c_Djokovic_forehand_slow_motion.mp4
2025-07-16 05:40:51,301 INFO:Start Processing video '/tmp/688936c9677f4d18bcb262971785236c_Djokovic_forehand_slow_motion.mp4' with settings: USE_BATCH_INFER = True |  TRITON_URL: http://triton:8000
2025-07-16 05:40:52,342 INFO:File saved to: /tmp/06036dc81fa14986a96ce368a00691a7_Djokovic_forehand_slow_motion.mp4 (37.49 MB)
2025-07-16 05:40:52,342 INFO:Dispatching video for inference: /tmp/06036dc81fa14986a96ce368a00691a7_Djokovic_forehand_slow_motion.mp4
2025-07-16 05:40:52,348 INFO:Start Processing video '/tmp/06036dc81fa14986a96ce368a00691a7_Djokovic_forehand_slow_motion.mp4' with settings: USE_BATCH_INFER = True |  TRITON_URL: http://triton:8000
2025-07-16 05:40:54,256 INFO:File saved to: /tmp/7e4025ae1b274b2996f6909cd208680a_Djokovic_forehand_slow_motion.mp4 (37.49 MB)
2025-07-16 05:40:54,256 INFO:Dispatching video for inference: /tmp/7e4025ae1b274b2996f6909cd208680a_Djokovic_forehand_slow_motion.mp4
2025-07-16 05:40:54,264 INFO:Start Processing video '/tmp/7e4025ae1b274b2996f6909cd208680a_Djokovic_forehand_slow_motion.mp4' with settings: USE_BATCH_INFER = True |  TRITON_URL: http://triton:8000
2025-07-16 05:42:21,984 INFO:Processed video '/tmp/1726c49fcc77431a8f1d022072684460_Djokovic_forehand_slow_motion.mp4' in 91.92 seconds
2025-07-16 05:42:21,986 INFO:Sample keypoints (first 3):
[[(444, 135),
  (444, 127),
  (444, 127),
  (444, 135),
  (409, 135),
  (409, 172),
  (391, 172),
  (409, 225),
  (355, 225),
  (409, 262),
  (355, 262),
  (391, 262),
  (373, 262),
  (409, 337),
  (409, 345),
  (409, 412),
  (320, 412)],
 [(444, 142),
  (444, 127),
  (444, 135),
  (409, 142),
  (409, 142),
  (409, 172),
  (391, 180),
  (409, 225),
  (355, 225),
  (409, 255),
  (373, 262),
  (373, 262),
  (373, 262),
  (338, 337),
  (409, 345),
  (409, 412),
  (320, 412)],
 [(444, 142),
  (444, 127),
  (444, 135),
  (409, 142),
  (409, 142),
  (409, 172),
  (391, 180),
  (409, 225),
  (355, 225),
  (409, 255),
  (373, 262),
  (373, 262),
  (373, 262),
  (338, 337),
  (409, 345),
  (409, 412),
  (320, 412)]]
2025-07-16 05:42:21,989 INFO:Total frames processed: 9105
2025-07-16 05:42:21,990 INFO:Total keypoints detected: 154785
2025-07-16 05:42:21,990 INFO:2025-07-16T05:42:21.990655 | Time: 91.92 seconds | USE_BATCH_INFER = True | BATCH_SIZE = 32 | ENV: docker | Video: /tmp/1726c49fcc77431a8f1d022072684460_Djokovic_forehand_slow_motion.mp4
2025-07-16 05:42:22,476 INFO:Processed video '/tmp/688936c9677f4d18bcb262971785236c_Djokovic_forehand_slow_motion.mp4' in 91.15 seconds
2025-07-16 05:42:22,479 INFO:Sample keypoints (first 3):
[[(444, 135),
  (444, 127),
  (444, 127),
  (444, 135),
  (409, 135),
  (409, 172),
  (391, 172),
  (409, 225),
  (355, 225),
  (409, 262),
  (355, 262),
  (391, 262),
  (373, 262),
  (409, 337),
  (409, 345),
  (409, 412),
  (320, 412)],
 [(444, 142),
  (444, 127),
  (444, 135),
  (409, 142),
  (409, 142),
  (409, 172),
  (391, 180),
  (409, 225),
  (355, 225),
  (409, 255),
  (373, 262),
  (373, 262),
  (373, 262),
  (338, 337),
  (409, 345),
  (409, 412),
  (320, 412)],
 [(444, 142),
  (444, 127),
  (444, 135),
  (409, 142),
  (409, 142),
  (409, 172),
  (391, 180),
  (409, 225),
  (355, 225),
  (409, 255),
  (373, 262),
  (373, 262),
  (373, 262),
  (338, 337),
  (409, 345),
  (409, 412),
  (320, 412)]]
2025-07-16 05:42:22,483 INFO:Total frames processed: 9105
2025-07-16 05:42:22,484 INFO:Total keypoints detected: 154785
2025-07-16 05:42:22,484 INFO:2025-07-16T05:42:22.484516 | Time: 91.15 seconds | USE_BATCH_INFER = True | BATCH_SIZE = 32 | ENV: docker | Video: /tmp/688936c9677f4d18bcb262971785236c_Djokovic_forehand_slow_motion.mp4
2025-07-16 05:42:23,569 INFO:Processed video '/tmp/06036dc81fa14986a96ce368a00691a7_Djokovic_forehand_slow_motion.mp4' in 91.19 seconds
2025-07-16 05:42:23,571 INFO:Sample keypoints (first 3):
[[(444, 135),
  (444, 127),
  (444, 127),
  (444, 135),
  (409, 135),
  (409, 172),
  (391, 172),
  (409, 225),
  (355, 225),
  (409, 262),
  (355, 262),
  (391, 262),
  (373, 262),
  (409, 337),
  (409, 345),
  (409, 412),
  (320, 412)],
 [(444, 142),
  (444, 127),
  (444, 135),
  (409, 142),
  (409, 142),
  (409, 172),
  (391, 180),
  (409, 225),
  (355, 225),
  (409, 255),
  (373, 262),
  (373, 262),
  (373, 262),
  (338, 337),
  (409, 345),
  (409, 412),
  (320, 412)],
 [(444, 142),
  (444, 127),
  (444, 135),
  (409, 142),
  (409, 142),
  (409, 172),
  (391, 180),
  (409, 225),
  (355, 225),
  (409, 255),
  (373, 262),
  (373, 262),
  (373, 262),
  (338, 337),
  (409, 345),
  (409, 412),
  (320, 412)]]
2025-07-16 05:42:23,574 INFO:Total frames processed: 9105
2025-07-16 05:42:23,575 INFO:Total keypoints detected: 154785
2025-07-16 05:42:23,575 INFO:2025-07-16T05:42:23.575341 | Time: 91.19 seconds | USE_BATCH_INFER = True | BATCH_SIZE = 32 | ENV: docker | Video: /tmp/06036dc81fa14986a96ce368a00691a7_Djokovic_forehand_slow_motion.mp4
2025-07-16 05:42:24,466 INFO:Processed video '/tmp/7e4025ae1b274b2996f6909cd208680a_Djokovic_forehand_slow_motion.mp4' in 90.16 seconds
2025-07-16 05:42:24,467 INFO:Sample keypoints (first 3):
[[(444, 135),
  (444, 127),
  (444, 127),
  (444, 135),
  (409, 135),
  (409, 172),
  (391, 172),
  (409, 225),
  (355, 225),
  (409, 262),
  (355, 262),
  (391, 262),
  (373, 262),
  (409, 337),
  (409, 345),
  (409, 412),
  (320, 412)],
 [(444, 142),
  (444, 127),
  (444, 135),
  (409, 142),
  (409, 142),
  (409, 172),
  (391, 180),
  (409, 225),
  (355, 225),
  (409, 255),
  (373, 262),
  (373, 262),
  (373, 262),
  (338, 337),
  (409, 345),
  (409, 412),
  (320, 412)],
 [(444, 142),
  (444, 127),
  (444, 135),
  (409, 142),
  (409, 142),
  (409, 172),
  (391, 180),
  (409, 225),
  (355, 225),
  (409, 255),
  (373, 262),
  (373, 262),
  (373, 262),
  (338, 337),
  (409, 345),
  (409, 412),
  (320, 412)]]
2025-07-16 05:42:24,470 INFO:Total frames processed: 9105
2025-07-16 05:42:24,470 INFO:Total keypoints detected: 154785
2025-07-16 05:42:24,470 INFO:2025-07-16T05:42:24.470851 | Time: 90.16 seconds | USE_BATCH_INFER = True | BATCH_SIZE = 32 | ENV: docker | Video: /tmp/7e4025ae1b274b2996f6909cd208680a_Djokovic_forehand_slow_motion.mp4
